#
# There is insufficient memory for the Java Runtime Environment to continue.
# Native memory allocation (mmap) failed to map 132120576 bytes for G1 virtual space
# Possible reasons:
#   The system is out of physical RAM or swap space
#   The process is running with CompressedOops enabled, and the Java Heap may be blocking the growth of the native heap
# Possible solutions:
#   Reduce memory load on the system
#   Increase physical memory or swap space
#   Check if swap backing store is full
#   Decrease Java heap size (-Xmx/-Xms)
#   Decrease number of Java threads
#   Decrease Java thread stack sizes (-Xss)
#   Set larger code cache with -XX:ReservedCodeCacheSize=
#   JVM is running with Unscaled Compressed Oops mode in which the Java heap is
#     placed in the first 4GB address space. The Java Heap base address is the
#     maximum limit for the native heap growth. Please use -XX:HeapBaseMinAddress
#     to set the Java Heap base and to place the Java Heap above 4GB virtual address.
# This output file may be truncated or incomplete.
#
#  Out of Memory Error (os_windows.cpp:3535), pid=11828, tid=11632
#
# JRE version:  (17.0.4.1+1) (build )
# Java VM: Java HotSpot(TM) 64-Bit Server VM (17.0.4.1+1-LTS-2, mixed mode, emulated-client, sharing, tiered, compressed oops, compressed class ptrs, g1 gc, windows-amd64)
# No core dump will be written. Minidumps are not enabled by default on client versions of Windows
#

---------------  S U M M A R Y ------------

Command Line: -XX:TieredStopAtLevel=1 -Dspring.output.ansi.enabled=always -Dcom.sun.management.jmxremote -Dspring.jmx.enabled=true -Dspring.liveBeansView.mbeanDomain -Dspring.application.admin.enabled=true -Dmanagement.endpoints.jmx.exposure.include=* -javaagent:C:\Program Files\JetBrains\IntelliJ IDEA 2023.2.2\lib\idea_rt.jar=10928:C:\Program Files\JetBrains\IntelliJ IDEA 2023.2.2\bin -Dfile.encoding=UTF-8 com.example.AuthenticationServiceApplication

Host: Intel(R) Core(TM) i5-8265U CPU @ 1.60GHz, 8 cores, 7G,  Windows 10 , 64 bit Build 19041 (10.0.19041.3393)
Time: Tue Oct 10 11:27:16 2023 India Standard Time elapsed time: 0.034247 seconds (0d 0h 0m 0s)

---------------  T H R E A D  ---------------

Current thread (0x000001954fd1cc00):  JavaThread "Unknown thread" [_thread_in_vm, id=11632, stack(0x000000473dd00000,0x000000473de00000)]

Stack: [0x000000473dd00000,0x000000473de00000]
Native frames: (J=compiled Java code, j=interpreted, Vv=VM code, C=native code)
V  [jvm.dll+0x6723ba]
V  [jvm.dll+0x7d1e34]
V  [jvm.dll+0x7d35de]
V  [jvm.dll+0x7d3c43]
V  [jvm.dll+0x243065]
V  [jvm.dll+0x66f2d9]
V  [jvm.dll+0x663c22]
V  [jvm.dll+0x3011cb]
V  [jvm.dll+0x308766]
V  [jvm.dll+0x35846e]
V  [jvm.dll+0x35869f]
V  [jvm.dll+0x2d83e8]
V  [jvm.dll+0x2d9354]
V  [jvm.dll+0x7a3911]
V  [jvm.dll+0x3662c1]
V  [jvm.dll+0x782d7c]
V  [jvm.dll+0x3e8c1f]
V  [jvm.dll+0x3ea6c1]
C  [jli.dll+0x527b]
C  [ucrtbase.dll+0x21bb2]
C  [KERNEL32.DLL+0x17344]
C  [ntdll.dll+0x526b1]


---------------  P R O C E S S  ---------------

Threads class SMR info:
_java_thread_list=0x00007ff8993da858, length=0, elements={
}

Java Threads: ( => current thread )

Other Threads:
  0x000001954fd76ac0 GCTaskThread "GC Thread#0" [stack: 0x000000473df00000,0x000000473e000000] [id=22628]
  0x000001954fd87460 ConcurrentGCThread "G1 Main Marker" [stack: 0x000000473e000000,0x000000473e100000] [id=304]
  0x000001954fd88610 ConcurrentGCThread "G1 Conc#0" [stack: 0x000000473e100000,0x000000473e200000] [id=7192]

[error occurred during error reporting (printing all threads), id 0xc0000005, EXCEPTION_ACCESS_VIOLATION (0xc0000005) at pc=0x00007ff898c28dd7]

VM state: not at safepoint (not fully initialized)

VM Mutex/Monitor currently owned by a thread:  ([mutex/lock_event])
[0x000001954fd187b0] Heap_lock - owner thread: 0x000001954fd1cc00

Heap address: 0x0000000083c00000, size: 1988 MB, Compressed Oops mode: 32-bit

CDS archive(s) mapped at: [0x0000000000000000-0x0000000000000000-0x0000000000000000), size 0, SharedBaseAddress: 0x0000000800000000, ArchiveRelocationMode: 0.
Narrow klass base: 0x0000000000000000, Narrow klass shift: 0, Narrow klass range: 0x0

GC Precious Log:
<Empty>

Heap:
 garbage-first heap   total 0K, used 0K [0x0000000083c00000, 0x0000000100000000)
  region size 1024K, 0 young (0K), 0 survivors (0K)

[error occurred during error reporting (printing heap information), id 0xc0000005, EXCEPTION_ACCESS_VIOLATION (0xc0000005) at pc=0x00007ff89900b869]

GC Heap History (0 events):
No events

Deoptimization events (0 events):
No events

Classes unloaded (0 events):
No events

Classes redefined (0 events):
No events

Internal exceptions (0 events):
No events

VM Operations (0 events):
No events

Events (1 events):
Event: 0.026 Loaded shared library C:\Program Files\Java\jdk-17.0.4.1\bin\java.dll


Dynamic libraries:
0x00007ff7818e0000 - 0x00007ff7818f0000 	C:\Program Files\Java\jdk-17.0.4.1\bin\java.exe
0x00007ff8c8310000 - 0x00007ff8c8508000 	C:\WINDOWS\SYSTEM32\ntdll.dll
0x00007ff8c7260000 - 0x00007ff8c731d000 	C:\WINDOWS\System32\KERNEL32.DLL
0x00007ff8c5fe0000 - 0x00007ff8c62d6000 	C:\WINDOWS\System32\KERNELBASE.dll
0x00007ff8c5df0000 - 0x00007ff8c5ef0000 	C:\WINDOWS\System32\ucrtbase.dll
0x00007ff89b380000 - 0x00007ff89b398000 	C:\Program Files\Java\jdk-17.0.4.1\bin\jli.dll
0x00007ff8c7400000 - 0x00007ff8c74ae000 	C:\WINDOWS\System32\ADVAPI32.dll
0x00007ff8c74b0000 - 0x00007ff8c754e000 	C:\WINDOWS\System32\msvcrt.dll
0x00007ff8c7f30000 - 0x00007ff8c7fcc000 	C:\WINDOWS\System32\sechost.dll
0x00007ff8c6ac0000 - 0x00007ff8c6be6000 	C:\WINDOWS\System32\RPCRT4.dll
0x00007ff8c6f60000 - 0x00007ff8c70fe000 	C:\WINDOWS\System32\USER32.dll
0x00007ff8c5fb0000 - 0x00007ff8c5fd2000 	C:\WINDOWS\System32\win32u.dll
0x00007ff8c73d0000 - 0x00007ff8c73fc000 	C:\WINDOWS\System32\GDI32.dll
0x00007ff8c5cd0000 - 0x00007ff8c5dea000 	C:\WINDOWS\System32\gdi32full.dll
0x00007ff8c5c30000 - 0x00007ff8c5ccd000 	C:\WINDOWS\System32\msvcp_win.dll
0x00007ff89b360000 - 0x00007ff89b37a000 	C:\Program Files\Java\jdk-17.0.4.1\bin\VCRUNTIME140.dll
0x00007ff8ab2c0000 - 0x00007ff8ab55a000 	C:\WINDOWS\WinSxS\amd64_microsoft.windows.common-controls_6595b64144ccf1df_6.0.19041.1110_none_60b5254171f9507e\COMCTL32.dll
0x00007ff8b7a50000 - 0x00007ff8b7a5a000 	C:\WINDOWS\SYSTEM32\VERSION.dll
0x00007ff8c7100000 - 0x00007ff8c7130000 	C:\WINDOWS\System32\IMM32.DLL
0x00007ff89d030000 - 0x00007ff89d193000 	C:\Program Files (x86)\Citrix\ICA Client\epclient64.dll
0x00007ff8c5c00000 - 0x00007ff8c5c27000 	C:\WINDOWS\System32\bcrypt.dll
0x00007ff8c7550000 - 0x00007ff8c78a4000 	C:\WINDOWS\System32\combase.dll
0x00007ff8c4b20000 - 0x00007ff8c4b53000 	C:\WINDOWS\SYSTEM32\ntmarta.dll
0x000001954f400000 - 0x000001954f482000 	C:\WINDOWS\System32\bcryptprimitives.dll
0x00007ff8c41d0000 - 0x00007ff8c41e2000 	C:\WINDOWS\SYSTEM32\kernel.appcore.dll
0x00007ff8b0a40000 - 0x00007ff8b0a4c000 	C:\Program Files\Java\jdk-17.0.4.1\bin\vcruntime140_1.dll
0x00007ff8b0580000 - 0x00007ff8b060d000 	C:\Program Files\Java\jdk-17.0.4.1\bin\msvcp140.dll
0x00007ff898940000 - 0x00007ff899502000 	C:\Program Files\Java\jdk-17.0.4.1\bin\server\jvm.dll
0x000001954f4a0000 - 0x000001954f4a8000 	C:\WINDOWS\System32\PSAPI.DLL
0x00007ff8aa560000 - 0x00007ff8aa569000 	C:\WINDOWS\SYSTEM32\WSOCK32.dll
0x00007ff8c8160000 - 0x00007ff8c81cb000 	C:\WINDOWS\System32\WS2_32.dll
0x00007ff8bb6e0000 - 0x00007ff8bb707000 	C:\WINDOWS\SYSTEM32\WINMM.dll
0x00007ff8af7d0000 - 0x00007ff8af7da000 	C:\Program Files\Java\jdk-17.0.4.1\bin\jimage.dll
0x00007ff8c3f00000 - 0x00007ff8c40e4000 	C:\WINDOWS\SYSTEM32\DBGHELP.DLL
0x00007ff8ab960000 - 0x00007ff8ab994000 	C:\WINDOWS\SYSTEM32\dbgcore.DLL
0x00007ff8b4200000 - 0x00007ff8b420e000 	C:\Program Files\Java\jdk-17.0.4.1\bin\instrument.dll
0x00007ff89e810000 - 0x00007ff89e835000 	C:\Program Files\Java\jdk-17.0.4.1\bin\java.dll

dbghelp: loaded successfully - version: 4.0.5 - missing functions: none
symbol engine: initialized successfully - sym options: 0x614 - pdb path: .;C:\Program Files\Java\jdk-17.0.4.1\bin;C:\WINDOWS\SYSTEM32;C:\WINDOWS\WinSxS\amd64_microsoft.windows.common-controls_6595b64144ccf1df_6.0.19041.1110_none_60b5254171f9507e;C:\Program Files (x86)\Citrix\ICA Client;C:\Program Files\Java\jdk-17.0.4.1\bin\server

VM Arguments:
jvm_args: -XX:TieredStopAtLevel=1 -Dspring.output.ansi.enabled=always -Dcom.sun.management.jmxremote -Dspring.jmx.enabled=true -Dspring.liveBeansView.mbeanDomain -Dspring.application.admin.enabled=true -Dmanagement.endpoints.jmx.exposure.include=* -javaagent:C:\Program Files\JetBrains\IntelliJ IDEA 2023.2.2\lib\idea_rt.jar=10928:C:\Program Files\JetBrains\IntelliJ IDEA 2023.2.2\bin -Dfile.encoding=UTF-8 
java_command: com.example.AuthenticationServiceApplication
java_class_path (initial): C:\Users\sivasai\Desktop\resolving_conflicts\boiler-plate-code\backend\AuthenticationService\target\classes;C:\Users\sivasai\.m2\repository\org\springframework\boot\spring-boot-starter-data-jpa\3.1.4\spring-boot-starter-data-jpa-3.1.4.jar;C:\Users\sivasai\.m2\repository\org\springframework\boot\spring-boot-starter-aop\3.1.4\spring-boot-starter-aop-3.1.4.jar;C:\Users\sivasai\.m2\repository\org\springframework\spring-aop\6.0.12\spring-aop-6.0.12.jar;C:\Users\sivasai\.m2\repository\org\aspectj\aspectjweaver\1.9.20\aspectjweaver-1.9.20.jar;C:\Users\sivasai\.m2\repository\org\springframework\boot\spring-boot-starter-jdbc\3.1.4\spring-boot-starter-jdbc-3.1.4.jar;C:\Users\sivasai\.m2\repository\com\zaxxer\HikariCP\5.0.1\HikariCP-5.0.1.jar;C:\Users\sivasai\.m2\repository\org\springframework\spring-jdbc\6.0.12\spring-jdbc-6.0.12.jar;C:\Users\sivasai\.m2\repository\org\hibernate\orm\hibernate-core\6.2.9.Final\hibernate-core-6.2.9.Final.jar;C:\Users\sivasai\.m2\repository\jakarta\persistence\jakarta.persistence-api\3.1.0\jakarta.persistence-api-3.1.0.jar;C:\Users\sivasai\.m2\repository\jakarta\transaction\jakarta.transaction-api\2.0.1\jakarta.transaction-api-2.0.1.jar;C:\Users\sivasai\.m2\repository\org\jboss\logging\jboss-logging\3.5.3.Final\jboss-logging-3.5.3.Final.jar;C:\Users\sivasai\.m2\repository\org\hibernate\common\hibernate-commons-annotations\6.0.6.Final\hibernate-commons-annotations-6.0.6.Final.jar;C:\Users\sivasai\.m2\repository\io\smallrye\jandex\3.0.5\jandex-3.0.5.jar;C:\Users\sivasai\.m2\repository\com\fasterxml\classmate\1.5.1\classmate-1.5.1.jar;C:\Users\sivasai\.m2\repository\net\bytebuddy\byte-buddy\1.14.8\byte-buddy-1.14.8.jar;C:\Users\sivasai\.m2\repository\org\glassfish\jaxb\jaxb-runtime\4.0.3\jaxb-runtime-4.0.3.jar;C:\Users\sivasai\.m2\repository\org\glassfish\jaxb\jaxb-core\4.0.3\jaxb-core-4.0.3.jar;C:\Users\sivasai\.m2\repository\org\glassfish\jaxb\txw2\4.0.3\txw2-4.0.3.jar;C:\Users\sivasai\.m2\repository\com\sun\istack\is
Launcher Type: SUN_STANDARD

[Global flags]
     intx CICompilerCount                          = 4                                         {product} {ergonomic}
     uint ConcGCThreads                            = 2                                         {product} {ergonomic}
     uint G1ConcRefinementThreads                  = 8                                         {product} {ergonomic}
   size_t G1HeapRegionSize                         = 1048576                                   {product} {ergonomic}
    uintx GCDrainStackTargetSize                   = 64                                        {product} {ergonomic}
   size_t InitialHeapSize                          = 132120576                                 {product} {ergonomic}
     bool ManagementServer                         = true                                      {product} {command line}
   size_t MarkStackSize                            = 4194304                                   {product} {ergonomic}
   size_t MaxHeapSize                              = 2084569088                                {product} {ergonomic}
   size_t MinHeapDeltaBytes                        = 1048576                                   {product} {ergonomic}
   size_t MinHeapSize                              = 8388608                                   {product} {ergonomic}
    uintx NonProfiledCodeHeapSize                  = 0                                      {pd product} {ergonomic}
     bool ProfileInterpreter                       = false                                  {pd product} {command line}
    uintx ProfiledCodeHeapSize                     = 0                                      {pd product} {ergonomic}
   size_t SoftMaxHeapSize                          = 2084569088                             {manageable} {ergonomic}
     intx TieredStopAtLevel                        = 1                                         {product} {command line}
     bool UseCompressedClassPointers               = true                           {product lp64_product} {ergonomic}
     bool UseCompressedOops                        = true                           {product lp64_product} {ergonomic}
     bool UseG1GC                                  = true                                      {product} {ergonomic}
     bool UseLargePagesIndividualAllocation        = false                                  {pd product} {ergonomic}

Logging:
Log output configuration:
 #0: stdout all=warning uptime,level,tags
 #1: stderr all=off uptime,level,tags

Environment Variables:
PATH=C:\Users\sivasai\AppData\Local\Programs\Python\Python310\Scripts\;C:\Users\sivasai\AppData\Local\Programs\Python\Python310\;C:\Python311\Scripts\;C:\Python311\;C:\Program Files\Common Files\Oracle\Java\javapath;C:\Program Files\AdoptOpenJDK\jre-11.0.7.10-hotspot\bin;C:\Python310\Scripts\;C:\Python310\;C:\oraclexe\app\oracle\product\11.2.0\server\bin;C:\app\sivasai\product\11.2.0\dbhome_2\bin;C:\Program Files\Java\jdk1.8.0_261\bin;C:\Program Files (x86)\Common Files\Oracle\Java\javapath;C:\WINDOWS\system32;C:\WINDOWS;C:\WINDOWS\System32\Wbem;C:\WINDOWS\System32\WindowsPowerShell\v1.0\;C:\WINDOWS\System32\OpenSSH\;C:\Program Files (x86)\Intel\Intel(R) Management Engine Components\DAL;C:\Program Files\Intel\Intel(R) Management Engine Components\DAL;C:\Program Files\Intel\WiFi\bin\;C:\Program Files\Common Files\Intel\WirelessCommon\;C:\Program Files\Git\cmd;C:\Program Files (x86)\Microsoft SQL Server\150\Tools\Binn\;C:\Program Files\Microsoft SQL Server\150\DTS\Binn\;C:\Program Files\Azure Data Studio\bin;C:\ProgramData\chocolatey\bin;C:\Program Files\MongoDB\Server\5.0\bin;C:\apache-cassandra-4.0.3\bin;C:\Python310\Lib\site-packages;C:\Users\sivasai\AppData\Roaming\Python\Python310\Scripts;C:\Program Files\Kubernetes\Minikube;C:\minikube;C:\Program Files\Go\bin;C:\hadoop\bin;C:\hadoop\sbin;C:\spark\bin;C:\spark\sbin;C:\Users\sivasai\AppData\Local\Pub\Cache\bin;C:\Users\sivasai\AppData\Roaming\nvm;C:\Program Files\nodejs;C:\Users\sivasai\AppData\Roaming\Python\Python311\Scripts;c:\python311\lib\site-packages;C:\Program Files\Docker\Docker\resources\bin;C:\Program Files (x86)\Gpg4win\..\GnuPG\bin;C:\Users\sivasai\AppData\Roaming\Python\Python311\site-packages\pyspark\bin;C:\Program Files\mongosh-1.10.4-win32-x64\bin;C:\Program Files\MongoDB\Server\5.0\bin;C:\Program Files\nodejs;C:\Program Files\MySQL\MySQL Server 8.0\bin;C:\Program Files\Maven\apache-maven-3.9.4\bin;C:\Users\sivasai\AppData\Local\ActiveState\StateTool\release\bin;C:\Program Files\MySQL\MySQL Shell 8.0
USERNAME=sivasai
OS=Windows_NT
PROCESSOR_IDENTIFIER=Intel64 Family 6 Model 142 Stepping 11, GenuineIntel



---------------  S Y S T E M  ---------------

OS:
 Windows 10 , 64 bit Build 19041 (10.0.19041.3393)
OS uptime: 0 days 11:37 hours
Hyper-V role detected

CPU: total 8 (initial active 8) (4 cores per cpu, 2 threads per core) family 6 model 142 stepping 11 microcode 0xca, cx8, cmov, fxsr, ht, mmx, 3dnowpref, sse, sse2, sse3, ssse3, sse4.1, sse4.2, popcnt, lzcnt, tsc, tscinvbit, avx, avx2, aes, erms, clmul, bmi1, bmi2, adx, fma, vzeroupper, clflush, clflushopt, hv

Memory: 4k page, system-wide physical 7948M (414M free)
TotalPageFile size 18948M (AvailPageFile size 115M)
current process WorkingSet (physical memory assigned to process): 12M, peak: 12M
current process commit charge ("private bytes"): 56M, peak: 182M

vm_info: Java HotSpot(TM) 64-Bit Server VM (17.0.4.1+1-LTS-2) for windows-amd64 JRE (17.0.4.1+1-LTS-2), built on Aug 16 2022 18:32:06 by "mach5one" with MS VC++ 16.8 / 16.9 (VS2019)

END.
