#
# There is insufficient memory for the Java Runtime Environment to continue.
# Native memory allocation (mmap) failed to map 123731968 bytes for G1 virtual space
# Possible reasons:
#   The system is out of physical RAM or swap space
#   The process is running with CompressedOops enabled, and the Java Heap may be blocking the growth of the native heap
# Possible solutions:
#   Reduce memory load on the system
#   Increase physical memory or swap space
#   Check if swap backing store is full
#   Decrease Java heap size (-Xmx/-Xms)
#   Decrease number of Java threads
#   Decrease Java thread stack sizes (-Xss)
#   Set larger code cache with -XX:ReservedCodeCacheSize=
#   JVM is running with Unscaled Compressed Oops mode in which the Java heap is
#     placed in the first 4GB address space. The Java Heap base address is the
#     maximum limit for the native heap growth. Please use -XX:HeapBaseMinAddress
#     to set the Java Heap base and to place the Java Heap above 4GB virtual address.
# This output file may be truncated or incomplete.
#
#  Out of Memory Error (os_windows.cpp:3535), pid=24992, tid=26520
#
# JRE version: Java(TM) SE Runtime Environment (17.0.4.1+1) (build 17.0.4.1+1-LTS-2)
# Java VM: Java HotSpot(TM) 64-Bit Server VM (17.0.4.1+1-LTS-2, mixed mode, emulated-client, sharing, tiered, compressed oops, compressed class ptrs, g1 gc, windows-amd64)
# No core dump will be written. Minidumps are not enabled by default on client versions of Windows
#

---------------  S U M M A R Y ------------

Command Line: -XX:TieredStopAtLevel=1 -Dspring.output.ansi.enabled=always -Dcom.sun.management.jmxremote -Dspring.jmx.enabled=true -Dspring.liveBeansView.mbeanDomain -Dspring.application.admin.enabled=true -Dmanagement.endpoints.jmx.exposure.include=* -javaagent:C:\Program Files\JetBrains\IntelliJ IDEA 2023.2.2\lib\idea_rt.jar=57565:C:\Program Files\JetBrains\IntelliJ IDEA 2023.2.2\bin -Dfile.encoding=UTF-8 com.example.AuthenticationServiceApplication

Host: Intel(R) Core(TM) i5-8265U CPU @ 1.60GHz, 8 cores, 7G,  Windows 10 , 64 bit Build 19041 (10.0.19041.3393)
Time: Tue Oct 10 17:34:23 2023 India Standard Time elapsed time: 7.250523 seconds (0d 0h 0m 7s)

---------------  T H R E A D  ---------------

Current thread (0x000002099ac23110):  VMThread "VM Thread" [stack: 0x000000fa57700000,0x000000fa57800000] [id=26520]

Stack: [0x000000fa57700000,0x000000fa57800000]
Native frames: (J=compiled Java code, j=interpreted, Vv=VM code, C=native code)
V  [jvm.dll+0x6723ba]
V  [jvm.dll+0x7d1e34]
V  [jvm.dll+0x7d35de]
V  [jvm.dll+0x7d3c43]
V  [jvm.dll+0x243065]
V  [jvm.dll+0x66f2d9]
V  [jvm.dll+0x663c22]
V  [jvm.dll+0x3011cb]
V  [jvm.dll+0x308766]
V  [jvm.dll+0x35846e]
V  [jvm.dll+0x35869f]
V  [jvm.dll+0x2d83e8]
V  [jvm.dll+0x2d66b4]
V  [jvm.dll+0x2d5cbc]
V  [jvm.dll+0x31972b]
V  [jvm.dll+0x7d811b]
V  [jvm.dll+0x7d8e54]
V  [jvm.dll+0x7d936c]
V  [jvm.dll+0x7d9744]
V  [jvm.dll+0x7d9810]
V  [jvm.dll+0x781fca]
V  [jvm.dll+0x671245]
C  [ucrtbase.dll+0x21bb2]
C  [KERNEL32.DLL+0x17344]
C  [ntdll.dll+0x526b1]

VM_Operation (0x000000fa59efe730): G1CollectForAllocation, mode: safepoint, requested by thread 0x00000209a05ac3f0


---------------  P R O C E S S  ---------------

Threads class SMR info:
_java_thread_list=0x00000209a015a130, length=40, elements={
0x0000020989232eb0, 0x000002099ac24cf0, 0x000002099ac25b60, 0x000002099ac3c6f0,
0x000002099ac3d560, 0x000002099ac3e110, 0x000002099c3550b0, 0x0000020986e8ab70,
0x000002099c360aa0, 0x000002099ac0f4e0, 0x0000020986e89c40, 0x0000020986e873c0,
0x0000020986e882f0, 0x000002099c8608f0, 0x000002099c860dc0, 0x000002099cb09260,
0x000002099cd2be30, 0x000002099cd2d930, 0x000002099cea5d90, 0x000002099deb9760,
0x000002099e327c00, 0x000002099e327260, 0x000002099e3263f0, 0x000002099e3268c0,
0x000002099e327730, 0x000002099e326d90, 0x00000209a05a5ee0, 0x00000209a05a6d50,
0x00000209a05ac3f0, 0x00000209a05a8a30, 0x00000209a05a6880, 0x00000209a05a63b0,
0x00000209a05a5070, 0x00000209a05a76f0, 0x00000209a05a93d0, 0x00000209a05a7220,
0x00000209a05a7bc0, 0x00000209a05a8560, 0x00000209a05a8090, 0x00000209a05a98a0
}

Java Threads: ( => current thread )
  0x0000020989232eb0 JavaThread "main" [_thread_blocked, id=26212, stack(0x000000fa57000000,0x000000fa57100000)]
  0x000002099ac24cf0 JavaThread "Reference Handler" daemon [_thread_blocked, id=19220, stack(0x000000fa57800000,0x000000fa57900000)]
  0x000002099ac25b60 JavaThread "Finalizer" daemon [_thread_blocked, id=10184, stack(0x000000fa57900000,0x000000fa57a00000)]
  0x000002099ac3c6f0 JavaThread "Signal Dispatcher" daemon [_thread_blocked, id=15056, stack(0x000000fa57a00000,0x000000fa57b00000)]
  0x000002099ac3d560 JavaThread "Attach Listener" daemon [_thread_blocked, id=22508, stack(0x000000fa57b00000,0x000000fa57c00000)]
  0x000002099ac3e110 JavaThread "Service Thread" daemon [_thread_blocked, id=4568, stack(0x000000fa57c00000,0x000000fa57d00000)]
  0x000002099c3550b0 JavaThread "Monitor Deflation Thread" daemon [_thread_blocked, id=20904, stack(0x000000fa57d00000,0x000000fa57e00000)]
  0x0000020986e8ab70 JavaThread "C1 CompilerThread0" daemon [_thread_blocked, id=26496, stack(0x000000fa57e00000,0x000000fa57f00000)]
  0x000002099c360aa0 JavaThread "Sweeper thread" daemon [_thread_blocked, id=5536, stack(0x000000fa57f00000,0x000000fa58000000)]
  0x000002099ac0f4e0 JavaThread "Common-Cleaner" daemon [_thread_blocked, id=26380, stack(0x000000fa58000000,0x000000fa58100000)]
  0x0000020986e89c40 JavaThread "C1 CompilerThread1" daemon [_thread_blocked, id=25116, stack(0x000000fa58100000,0x000000fa58200000)]
  0x0000020986e873c0 JavaThread "C1 CompilerThread2" daemon [_thread_blocked, id=11816, stack(0x000000fa58200000,0x000000fa58300000)]
  0x0000020986e882f0 JavaThread "C1 CompilerThread3" daemon [_thread_blocked, id=16908, stack(0x000000fa58300000,0x000000fa58400000)]
  0x000002099c8608f0 JavaThread "Monitor Ctrl-Break" daemon [_thread_in_native, id=15584, stack(0x000000fa58400000,0x000000fa58500000)]
  0x000002099c860dc0 JavaThread "Notification Thread" daemon [_thread_blocked, id=11040, stack(0x000000fa58500000,0x000000fa58600000)]
  0x000002099cb09260 JavaThread "RMI TCP Accept-0" daemon [_thread_in_native, id=23620, stack(0x000000fa58600000,0x000000fa58700000)]
  0x000002099cd2be30 JavaThread "Thread-0" [_thread_blocked, id=3728, stack(0x000000fa58f00000,0x000000fa59000000)]
  0x000002099cd2d930 JavaThread "restartedMain" [_thread_blocked, id=23524, stack(0x000000fa59000000,0x000000fa59100000)]
  0x000002099cea5d90 JavaThread "RMI TCP Connection(1)-192.168.144.10" daemon [_thread_in_native, id=13952, stack(0x000000fa59100000,0x000000fa59200000)]
  0x000002099deb9760 JavaThread "RMI Scheduler(0)" daemon [_thread_blocked, id=6592, stack(0x000000fa59400000,0x000000fa59500000)]
  0x000002099e327c00 JavaThread "Catalina-utility-1" [_thread_blocked, id=24872, stack(0x000000fa59500000,0x000000fa59600000)]
  0x000002099e327260 JavaThread "Catalina-utility-2" [_thread_blocked, id=26168, stack(0x000000fa59600000,0x000000fa59700000)]
  0x000002099e3263f0 JavaThread "container-0" [_thread_blocked, id=11616, stack(0x000000fa59700000,0x000000fa59800000)]
  0x000002099e3268c0 JavaThread "mysql-cj-abandoned-connection-cleanup" daemon [_thread_blocked, id=23572, stack(0x000000fa59800000,0x000000fa59900000)]
  0x000002099e327730 JavaThread "HikariPool-1 housekeeper" daemon [_thread_blocked, id=9992, stack(0x000000fa59a00000,0x000000fa59b00000)]
  0x000002099e326d90 JavaThread "HikariPool-1 connection adder" daemon [_thread_blocked, id=25264, stack(0x000000fa59b00000,0x000000fa59c00000)]
  0x00000209a05a5ee0 JavaThread "ClassGraph-worker-56" daemon [_thread_blocked, id=18396, stack(0x000000fa59c00000,0x000000fa59d00000)]
  0x00000209a05a6d50 JavaThread "ClassGraph-worker-57" daemon [_thread_blocked, id=22956, stack(0x000000fa59d00000,0x000000fa59e00000)]
  0x00000209a05ac3f0 JavaThread "ClassGraph-worker-58" daemon [_thread_blocked, id=12052, stack(0x000000fa59e00000,0x000000fa59f00000)]
  0x00000209a05a8a30 JavaThread "ClassGraph-worker-59" daemon [_thread_blocked, id=13128, stack(0x000000fa59f00000,0x000000fa5a000000)]
  0x00000209a05a6880 JavaThread "ClassGraph-worker-60" daemon [_thread_blocked, id=12600, stack(0x000000fa5a000000,0x000000fa5a100000)]
  0x00000209a05a63b0 JavaThread "ClassGraph-worker-61" daemon [_thread_blocked, id=25460, stack(0x000000fa5a100000,0x000000fa5a200000)]
  0x00000209a05a5070 JavaThread "ClassGraph-worker-62" daemon [_thread_blocked, id=4588, stack(0x000000fa5a200000,0x000000fa5a300000)]
  0x00000209a05a76f0 JavaThread "ClassGraph-worker-63" daemon [_thread_blocked, id=25856, stack(0x000000fa5a300000,0x000000fa5a400000)]
  0x00000209a05a93d0 JavaThread "ClassGraph-worker-64" daemon [_thread_blocked, id=23064, stack(0x000000fa5a400000,0x000000fa5a500000)]
  0x00000209a05a7220 JavaThread "ClassGraph-worker-65" daemon [_thread_blocked, id=20104, stack(0x000000fa5a500000,0x000000fa5a600000)]
  0x00000209a05a7bc0 JavaThread "ClassGraph-worker-66" daemon [_thread_blocked, id=14448, stack(0x000000fa5a600000,0x000000fa5a700000)]
  0x00000209a05a8560 JavaThread "ClassGraph-worker-67" daemon [_thread_blocked, id=584, stack(0x000000fa5a700000,0x000000fa5a800000)]
  0x00000209a05a8090 JavaThread "ClassGraph-worker-68" daemon [_thread_blocked, id=848, stack(0x000000fa5a800000,0x000000fa5a900000)]
  0x00000209a05a98a0 JavaThread "ClassGraph-worker-69" daemon [_thread_blocked, id=12756, stack(0x000000fa5a900000,0x000000fa5aa00000)]

Other Threads:
=>0x000002099ac23110 VMThread "VM Thread" [stack: 0x000000fa57700000,0x000000fa57800000] [id=26520]
  0x0000020986e86310 WatcherThread [stack: 0x000000fa58700000,0x000000fa58800000] [id=23200]
  0x000002098928c650 GCTaskThread "GC Thread#0" [stack: 0x000000fa57200000,0x000000fa57300000] [id=26508]
  0x000002099cd0b650 GCTaskThread "GC Thread#1" [stack: 0x000000fa58800000,0x000000fa58900000] [id=25096]
  0x000002099cd0b900 GCTaskThread "GC Thread#2" [stack: 0x000000fa58900000,0x000000fa58a00000] [id=12184]
  0x000002099cd4b0d0 GCTaskThread "GC Thread#3" [stack: 0x000000fa58a00000,0x000000fa58b00000] [id=6320]
  0x000002099cd4c390 GCTaskThread "GC Thread#4" [stack: 0x000000fa58b00000,0x000000fa58c00000] [id=26096]
  0x000002099cd4e650 GCTaskThread "GC Thread#5" [stack: 0x000000fa58c00000,0x000000fa58d00000] [id=22848]
  0x000002099cd4e900 GCTaskThread "GC Thread#6" [stack: 0x000000fa58d00000,0x000000fa58e00000] [id=25936]
  0x000002099dc28050 GCTaskThread "GC Thread#7" [stack: 0x000000fa59200000,0x000000fa59300000] [id=4184]
  0x000002098929cff0 ConcurrentGCThread "G1 Main Marker" [stack: 0x000000fa57300000,0x000000fa57400000] [id=11844]
  0x000002098929ddd0 ConcurrentGCThread "G1 Conc#0" [stack: 0x000000fa57400000,0x000000fa57500000] [id=16436]
  0x000002099e163610 ConcurrentGCThread "G1 Conc#1" [stack: 0x000000fa59300000,0x000000fa59400000] [id=8208]
  0x00000209892be530 ConcurrentGCThread "G1 Refine#0" [stack: 0x000000fa57500000,0x000000fa57600000] [id=8636]
  0x000002099cd0c030 ConcurrentGCThread "G1 Refine#1" [stack: 0x000000fa58e00000,0x000000fa58f00000] [id=14060]
  0x000002099aad7ff0 ConcurrentGCThread "G1 Service" [stack: 0x000000fa57600000,0x000000fa57700000] [id=20780]

Threads with active compile tasks:
C1 CompilerThread2     7290 5549   !   1       java.util.concurrent.locks.AbstractQueuedSynchronizer::acquire (407 bytes)
C1 CompilerThread3     7290 5547   !   1       sun.nio.fs.WindowsUriSupport::toUri (245 bytes)

VM state: at safepoint (normal execution)

VM Mutex/Monitor currently owned by a thread:  ([mutex/lock_event])
[0x000002098922c6f0] Threads_lock - owner thread: 0x000002099ac23110
[0x000002098922d110] Heap_lock - owner thread: 0x00000209a05ac3f0

Heap address: 0x0000000083c00000, size: 1988 MB, Compressed Oops mode: 32-bit

CDS archive(s) mapped at: [0x0000000800000000-0x0000000800bc0000-0x0000000800bc0000), size 12320768, SharedBaseAddress: 0x0000000800000000, ArchiveRelocationMode: 0.
Compressed class space mapped at: 0x0000000800c00000-0x0000000840c00000, reserved size: 1073741824
Narrow klass base: 0x0000000800000000, Narrow klass shift: 0, Narrow klass range: 0x100000000

GC Precious Log:
 CPUs: 8 total, 8 available
 Memory: 7948M
 Large Page Support: Disabled
 NUMA Support: Disabled
 Compressed Oops: Enabled (32-bit)
 Heap Region Size: 1M
 Heap Min Capacity: 8M
 Heap Initial Capacity: 126M
 Heap Max Capacity: 1988M
 Pre-touch: Disabled
 Parallel Workers: 8
 Concurrent Workers: 2
 Concurrent Refinement Workers: 8
 Periodic GC: Disabled

Heap:
 garbage-first heap   total 129024K, used 56128K [0x0000000083c00000, 0x0000000100000000)
  region size 1024K, 1 young (1024K), 1 survivors (1024K)
 Metaspace       used 61493K, committed 62080K, reserved 1105920K
  class space    used 8747K, committed 9024K, reserved 1048576K

Heap Regions: E=young(eden), S=young(survivor), O=old, HS=humongous(starts), HC=humongous(continues), CS=collection set, F=free, OA=open archive, CA=closed archive, TAMS=top-at-mark-start (previous, next)
|   0|0x0000000083c00000, 0x0000000083d00000, 0x0000000083d00000|100%|HS|  |TAMS 0x0000000083d00000, 0x0000000083c00000| Complete 
|   1|0x0000000083d00000, 0x0000000083e00000, 0x0000000083e00000|100%| O|  |TAMS 0x0000000083e00000, 0x0000000083d00000| Untracked 
|   2|0x0000000083e00000, 0x0000000083f00000, 0x0000000083f00000|100%| O|  |TAMS 0x0000000083f00000, 0x0000000083e00000| Untracked 
|   3|0x0000000083f00000, 0x0000000084000000, 0x0000000084000000|100%| O|  |TAMS 0x0000000084000000, 0x0000000083f00000| Untracked 
|   4|0x0000000084000000, 0x0000000084100000, 0x0000000084100000|100%| O|  |TAMS 0x0000000084100000, 0x0000000084000000| Untracked 
|   5|0x0000000084100000, 0x0000000084200000, 0x0000000084200000|100%| O|  |TAMS 0x0000000084200000, 0x0000000084100000| Untracked 
|   6|0x0000000084200000, 0x0000000084300000, 0x0000000084300000|100%| O|  |TAMS 0x0000000084300000, 0x0000000084200000| Untracked 
|   7|0x0000000084300000, 0x0000000084300000, 0x0000000084400000|  0%| F|  |TAMS 0x0000000084300000, 0x0000000084300000| Untracked 
|   8|0x0000000084400000, 0x0000000084500000, 0x0000000084500000|100%| O|  |TAMS 0x0000000084500000, 0x0000000084400000| Untracked 
|   9|0x0000000084500000, 0x0000000084600000, 0x0000000084600000|100%| O|  |TAMS 0x0000000084600000, 0x0000000084500000| Untracked 
|  10|0x0000000084600000, 0x0000000084700000, 0x0000000084700000|100%| O|  |TAMS 0x0000000084700000, 0x0000000084600000| Untracked 
|  11|0x0000000084700000, 0x0000000084800000, 0x0000000084800000|100%| O|  |TAMS 0x0000000084800000, 0x0000000084700000| Untracked 
|  12|0x0000000084800000, 0x0000000084900000, 0x0000000084900000|100%| O|  |TAMS 0x0000000084900000, 0x0000000084800000| Untracked 
|  13|0x0000000084900000, 0x0000000084a00000, 0x0000000084a00000|100%| O|  |TAMS 0x0000000084a00000, 0x0000000084900000| Untracked 
|  14|0x0000000084a00000, 0x0000000084b00000, 0x0000000084b00000|100%| O|  |TAMS 0x0000000084b00000, 0x0000000084a00000| Untracked 
|  15|0x0000000084b00000, 0x0000000084c00000, 0x0000000084c00000|100%| O|  |TAMS 0x0000000084c00000, 0x0000000084b00000| Untracked 
|  16|0x0000000084c00000, 0x0000000084d00000, 0x0000000084d00000|100%| O|  |TAMS 0x0000000084d00000, 0x0000000084c00000| Untracked 
|  17|0x0000000084d00000, 0x0000000084e00000, 0x0000000084e00000|100%| O|  |TAMS 0x0000000084e00000, 0x0000000084d00000| Untracked 
|  18|0x0000000084e00000, 0x0000000084f00000, 0x0000000084f00000|100%| O|  |TAMS 0x0000000084f00000, 0x0000000084e00000| Untracked 
|  19|0x0000000084f00000, 0x0000000085000000, 0x0000000085000000|100%| O|  |TAMS 0x0000000085000000, 0x0000000084f00000| Untracked 
|  20|0x0000000085000000, 0x0000000085100000, 0x0000000085100000|100%| O|  |TAMS 0x0000000085100000, 0x0000000085000000| Untracked 
|  21|0x0000000085100000, 0x0000000085200000, 0x0000000085200000|100%| O|  |TAMS 0x0000000085200000, 0x0000000085100000| Untracked 
|  22|0x0000000085200000, 0x0000000085300000, 0x0000000085300000|100%| O|  |TAMS 0x0000000085300000, 0x0000000085200000| Untracked 
|  23|0x0000000085300000, 0x0000000085400000, 0x0000000085400000|100%| O|  |TAMS 0x0000000085400000, 0x0000000085300000| Untracked 
|  24|0x0000000085400000, 0x0000000085500000, 0x0000000085500000|100%| O|  |TAMS 0x0000000085500000, 0x0000000085400000| Untracked 
|  25|0x0000000085500000, 0x0000000085600000, 0x0000000085600000|100%| O|  |TAMS 0x0000000085600000, 0x0000000085500000| Untracked 
|  26|0x0000000085600000, 0x0000000085700000, 0x0000000085700000|100%| O|  |TAMS 0x0000000085600000, 0x0000000085600000| Untracked 
|  27|0x0000000085700000, 0x0000000085800000, 0x0000000085800000|100%| O|  |TAMS 0x0000000085800000, 0x0000000085700000| Untracked 
|  28|0x0000000085800000, 0x0000000085900000, 0x0000000085900000|100%| O|  |TAMS 0x0000000085900000, 0x0000000085800000| Untracked 
|  29|0x0000000085900000, 0x0000000085a00000, 0x0000000085a00000|100%| O|  |TAMS 0x0000000085a00000, 0x0000000085900000| Untracked 
|  30|0x0000000085a00000, 0x0000000085b00000, 0x0000000085b00000|100%| O|  |TAMS 0x0000000085b00000, 0x0000000085a00000| Untracked 
|  31|0x0000000085b00000, 0x0000000085c00000, 0x0000000085c00000|100%| O|  |TAMS 0x0000000085c00000, 0x0000000085b00000| Untracked 
|  32|0x0000000085c00000, 0x0000000085d00000, 0x0000000085d00000|100%| O|  |TAMS 0x0000000085d00000, 0x0000000085c00000| Untracked 
|  33|0x0000000085d00000, 0x0000000085e00000, 0x0000000085e00000|100%| O|  |TAMS 0x0000000085e00000, 0x0000000085d00000| Untracked 
|  34|0x0000000085e00000, 0x0000000085f00000, 0x0000000085f00000|100%| O|  |TAMS 0x0000000085f00000, 0x0000000085e00000| Untracked 
|  35|0x0000000085f00000, 0x0000000086000000, 0x0000000086000000|100%| O|  |TAMS 0x0000000086000000, 0x0000000085f00000| Untracked 
|  36|0x0000000086000000, 0x0000000086100000, 0x0000000086100000|100%| O|  |TAMS 0x0000000086100000, 0x0000000086000000| Untracked 
|  37|0x0000000086100000, 0x0000000086200000, 0x0000000086200000|100%| O|  |TAMS 0x0000000086200000, 0x0000000086100000| Untracked 
|  38|0x0000000086200000, 0x0000000086300000, 0x0000000086300000|100%| O|  |TAMS 0x0000000086300000, 0x0000000086200000| Untracked 
|  39|0x0000000086300000, 0x0000000086400000, 0x0000000086400000|100%| O|  |TAMS 0x000000008631a400, 0x0000000086300000| Untracked 
|  40|0x0000000086400000, 0x0000000086500000, 0x0000000086500000|100%| O|  |TAMS 0x0000000086400000, 0x0000000086400000| Untracked 
|  41|0x0000000086500000, 0x0000000086600000, 0x0000000086600000|100%| O|  |TAMS 0x0000000086500000, 0x0000000086500000| Untracked 
|  42|0x0000000086600000, 0x0000000086700000, 0x0000000086700000|100%| O|  |TAMS 0x0000000086600000, 0x0000000086600000| Untracked 
|  43|0x0000000086700000, 0x0000000086800000, 0x0000000086800000|100%| O|  |TAMS 0x0000000086700000, 0x0000000086700000| Untracked 
|  44|0x0000000086800000, 0x0000000086900000, 0x0000000086900000|100%| O|  |TAMS 0x0000000086800000, 0x0000000086800000| Untracked 
|  45|0x0000000086900000, 0x0000000086a00000, 0x0000000086a00000|100%| O|  |TAMS 0x0000000086900000, 0x0000000086900000| Untracked 
|  46|0x0000000086a00000, 0x0000000086b00000, 0x0000000086b00000|100%| O|  |TAMS 0x0000000086a00000, 0x0000000086a00000| Untracked 
|  47|0x0000000086b00000, 0x0000000086c00000, 0x0000000086c00000|100%| O|  |TAMS 0x0000000086b00000, 0x0000000086b00000| Untracked 
|  48|0x0000000086c00000, 0x0000000086d00000, 0x0000000086d00000|100%| O|  |TAMS 0x0000000086c00000, 0x0000000086c00000| Untracked 
|  49|0x0000000086d00000, 0x0000000086e00000, 0x0000000086e00000|100%| O|  |TAMS 0x0000000086d00000, 0x0000000086d00000| Untracked 
|  50|0x0000000086e00000, 0x0000000086f00000, 0x0000000086f00000|100%| O|  |TAMS 0x0000000086e00000, 0x0000000086e00000| Untracked 
|  51|0x0000000086f00000, 0x0000000087000000, 0x0000000087000000|100%| O|  |TAMS 0x0000000086f00000, 0x0000000086f00000| Untracked 
|  52|0x0000000087000000, 0x0000000087100000, 0x0000000087100000|100%| O|  |TAMS 0x0000000087000000, 0x0000000087000000| Untracked 
|  53|0x0000000087100000, 0x0000000087200000, 0x0000000087200000|100%| O|  |TAMS 0x0000000087100000, 0x0000000087100000| Untracked 
|  54|0x0000000087200000, 0x0000000087300000, 0x0000000087300000|100%| O|  |TAMS 0x0000000087200000, 0x0000000087200000| Untracked 
|  55|0x0000000087300000, 0x0000000087324e00, 0x0000000087400000| 14%| O|  |TAMS 0x0000000087300000, 0x0000000087300000| Untracked 
|  56|0x0000000087400000, 0x0000000087400000, 0x0000000087500000|  0%| F|  |TAMS 0x0000000087400000, 0x0000000087400000| Untracked 
|  57|0x0000000087500000, 0x0000000087500000, 0x0000000087600000|  0%| F|  |TAMS 0x0000000087500000, 0x0000000087500000| Untracked 
|  58|0x0000000087600000, 0x0000000087600000, 0x0000000087700000|  0%| F|  |TAMS 0x0000000087600000, 0x0000000087600000| Untracked 
|  59|0x0000000087700000, 0x0000000087700000, 0x0000000087800000|  0%| F|  |TAMS 0x0000000087700000, 0x0000000087700000| Untracked 
|  60|0x0000000087800000, 0x0000000087800000, 0x0000000087900000|  0%| F|  |TAMS 0x0000000087800000, 0x0000000087800000| Untracked 
|  61|0x0000000087900000, 0x0000000087900000, 0x0000000087a00000|  0%| F|  |TAMS 0x0000000087900000, 0x0000000087900000| Untracked 
|  62|0x0000000087a00000, 0x0000000087a00000, 0x0000000087b00000|  0%| F|  |TAMS 0x0000000087a00000, 0x0000000087a00000| Untracked 
|  63|0x0000000087b00000, 0x0000000087b00000, 0x0000000087c00000|  0%| F|  |TAMS 0x0000000087b00000, 0x0000000087b00000| Untracked 
|  64|0x0000000087c00000, 0x0000000087c00000, 0x0000000087d00000|  0%| F|  |TAMS 0x0000000087c00000, 0x0000000087c00000| Untracked 
|  65|0x0000000087d00000, 0x0000000087d00000, 0x0000000087e00000|  0%| F|  |TAMS 0x0000000087d00000, 0x0000000087d00000| Untracked 
|  66|0x0000000087e00000, 0x0000000087e00000, 0x0000000087f00000|  0%| F|  |TAMS 0x0000000087e00000, 0x0000000087e00000| Untracked 
|  67|0x0000000087f00000, 0x0000000087f00000, 0x0000000088000000|  0%| F|  |TAMS 0x0000000087f00000, 0x0000000087f00000| Untracked 
|  68|0x0000000088000000, 0x0000000088000000, 0x0000000088100000|  0%| F|  |TAMS 0x0000000088000000, 0x0000000088000000| Untracked 
|  69|0x0000000088100000, 0x0000000088100000, 0x0000000088200000|  0%| F|  |TAMS 0x0000000088100000, 0x0000000088100000| Untracked 
|  70|0x0000000088200000, 0x0000000088200000, 0x0000000088300000|  0%| F|  |TAMS 0x0000000088200000, 0x0000000088200000| Untracked 
|  71|0x0000000088300000, 0x0000000088300000, 0x0000000088400000|  0%| F|  |TAMS 0x0000000088300000, 0x0000000088300000| Untracked 
|  72|0x0000000088400000, 0x0000000088400000, 0x0000000088500000|  0%| F|  |TAMS 0x0000000088400000, 0x0000000088400000| Untracked 
|  73|0x0000000088500000, 0x0000000088500000, 0x0000000088600000|  0%| F|  |TAMS 0x0000000088500000, 0x0000000088500000| Untracked 
|  74|0x0000000088600000, 0x0000000088600000, 0x0000000088700000|  0%| F|  |TAMS 0x0000000088600000, 0x0000000088600000| Untracked 
|  75|0x0000000088700000, 0x0000000088700000, 0x0000000088800000|  0%| F|  |TAMS 0x0000000088700000, 0x0000000088700000| Untracked 
|  76|0x0000000088800000, 0x0000000088800000, 0x0000000088900000|  0%| F|  |TAMS 0x0000000088800000, 0x0000000088800000| Untracked 
|  77|0x0000000088900000, 0x0000000088900000, 0x0000000088a00000|  0%| F|  |TAMS 0x0000000088900000, 0x0000000088900000| Untracked 
|  78|0x0000000088a00000, 0x0000000088a00000, 0x0000000088b00000|  0%| F|  |TAMS 0x0000000088a00000, 0x0000000088a00000| Untracked 
|  79|0x0000000088b00000, 0x0000000088b00000, 0x0000000088c00000|  0%| F|  |TAMS 0x0000000088b00000, 0x0000000088b00000| Untracked 
|  80|0x0000000088c00000, 0x0000000088c00000, 0x0000000088d00000|  0%| F|  |TAMS 0x0000000088c00000, 0x0000000088c00000| Untracked 
|  81|0x0000000088d00000, 0x0000000088d00000, 0x0000000088e00000|  0%| F|  |TAMS 0x0000000088d00000, 0x0000000088d00000| Untracked 
|  82|0x0000000088e00000, 0x0000000088e00000, 0x0000000088f00000|  0%| F|  |TAMS 0x0000000088e00000, 0x0000000088e00000| Untracked 
|  83|0x0000000088f00000, 0x0000000088f00000, 0x0000000089000000|  0%| F|  |TAMS 0x0000000088f00000, 0x0000000088f00000| Untracked 
|  84|0x0000000089000000, 0x0000000089000000, 0x0000000089100000|  0%| F|  |TAMS 0x0000000089000000, 0x0000000089000000| Untracked 
|  85|0x0000000089100000, 0x0000000089100000, 0x0000000089200000|  0%| F|  |TAMS 0x0000000089100000, 0x0000000089100000| Untracked 
|  86|0x0000000089200000, 0x0000000089200000, 0x0000000089300000|  0%| F|  |TAMS 0x0000000089200000, 0x0000000089200000| Untracked 
|  87|0x0000000089300000, 0x0000000089300000, 0x0000000089400000|  0%| F|  |TAMS 0x0000000089300000, 0x0000000089300000| Untracked 
|  88|0x0000000089400000, 0x00000000894ab270, 0x0000000089500000| 66%| S|CS|TAMS 0x0000000089400000, 0x0000000089400000| Complete 
|  89|0x0000000089500000, 0x0000000089500000, 0x0000000089600000|  0%| F|  |TAMS 0x0000000089500000, 0x0000000089500000| Untracked 
|  90|0x0000000089600000, 0x0000000089600000, 0x0000000089700000|  0%| F|  |TAMS 0x0000000089600000, 0x0000000089600000| Untracked 
|  91|0x0000000089700000, 0x0000000089700000, 0x0000000089800000|  0%| F|  |TAMS 0x0000000089700000, 0x0000000089700000| Untracked 
|  92|0x0000000089800000, 0x0000000089800000, 0x0000000089900000|  0%| F|  |TAMS 0x0000000089800000, 0x0000000089800000| Untracked 
|  93|0x0000000089900000, 0x0000000089900000, 0x0000000089a00000|  0%| F|  |TAMS 0x0000000089900000, 0x0000000089900000| Untracked 
|  94|0x0000000089a00000, 0x0000000089a00000, 0x0000000089b00000|  0%| F|  |TAMS 0x0000000089a00000, 0x0000000089a00000| Untracked 
|  95|0x0000000089b00000, 0x0000000089b00000, 0x0000000089c00000|  0%| F|  |TAMS 0x0000000089b00000, 0x0000000089b00000| Untracked 
|  96|0x0000000089c00000, 0x0000000089c00000, 0x0000000089d00000|  0%| F|  |TAMS 0x0000000089c00000, 0x0000000089c00000| Untracked 
|  97|0x0000000089d00000, 0x0000000089d00000, 0x0000000089e00000|  0%| F|  |TAMS 0x0000000089d00000, 0x0000000089d00000| Untracked 
|  98|0x0000000089e00000, 0x0000000089e00000, 0x0000000089f00000|  0%| F|  |TAMS 0x0000000089e00000, 0x0000000089e00000| Untracked 
|  99|0x0000000089f00000, 0x0000000089f00000, 0x000000008a000000|  0%| F|  |TAMS 0x0000000089f00000, 0x0000000089f00000| Untracked 
| 100|0x000000008a000000, 0x000000008a000000, 0x000000008a100000|  0%| F|  |TAMS 0x000000008a000000, 0x000000008a000000| Untracked 
| 101|0x000000008a100000, 0x000000008a100000, 0x000000008a200000|  0%| F|  |TAMS 0x000000008a100000, 0x000000008a100000| Untracked 
| 102|0x000000008a200000, 0x000000008a200000, 0x000000008a300000|  0%| F|  |TAMS 0x000000008a200000, 0x000000008a200000| Untracked 
| 103|0x000000008a300000, 0x000000008a300000, 0x000000008a400000|  0%| F|  |TAMS 0x000000008a300000, 0x000000008a300000| Untracked 
| 104|0x000000008a400000, 0x000000008a400000, 0x000000008a500000|  0%| F|  |TAMS 0x000000008a400000, 0x000000008a400000| Untracked 
| 105|0x000000008a500000, 0x000000008a500000, 0x000000008a600000|  0%| F|  |TAMS 0x000000008a500000, 0x000000008a500000| Untracked 
| 106|0x000000008a600000, 0x000000008a600000, 0x000000008a700000|  0%| F|  |TAMS 0x000000008a600000, 0x000000008a600000| Untracked 
| 107|0x000000008a700000, 0x000000008a700000, 0x000000008a800000|  0%| F|  |TAMS 0x000000008a700000, 0x000000008a700000| Untracked 
| 108|0x000000008a800000, 0x000000008a800000, 0x000000008a900000|  0%| F|  |TAMS 0x000000008a800000, 0x000000008a800000| Untracked 
| 109|0x000000008a900000, 0x000000008a900000, 0x000000008aa00000|  0%| F|  |TAMS 0x000000008a900000, 0x000000008a900000| Untracked 
| 110|0x000000008aa00000, 0x000000008aa00000, 0x000000008ab00000|  0%| F|  |TAMS 0x000000008aa00000, 0x000000008aa00000| Untracked 
| 111|0x000000008ab00000, 0x000000008ab00000, 0x000000008ac00000|  0%| F|  |TAMS 0x000000008ab00000, 0x000000008ab00000| Untracked 
| 112|0x000000008ac00000, 0x000000008ac00000, 0x000000008ad00000|  0%| F|  |TAMS 0x000000008ac00000, 0x000000008ac00000| Untracked 
| 113|0x000000008ad00000, 0x000000008ad00000, 0x000000008ae00000|  0%| F|  |TAMS 0x000000008ad00000, 0x000000008ad00000| Untracked 
| 114|0x000000008ae00000, 0x000000008ae00000, 0x000000008af00000|  0%| F|  |TAMS 0x000000008ae00000, 0x000000008ae00000| Untracked 
| 115|0x000000008af00000, 0x000000008af00000, 0x000000008b000000|  0%| F|  |TAMS 0x000000008af00000, 0x000000008af00000| Untracked 
| 116|0x000000008b000000, 0x000000008b000000, 0x000000008b100000|  0%| F|  |TAMS 0x000000008b000000, 0x000000008b000000| Untracked 
| 117|0x000000008b100000, 0x000000008b100000, 0x000000008b200000|  0%| F|  |TAMS 0x000000008b100000, 0x000000008b100000| Untracked 
| 118|0x000000008b200000, 0x000000008b200000, 0x000000008b300000|  0%| F|  |TAMS 0x000000008b200000, 0x000000008b200000| Untracked 
| 119|0x000000008b300000, 0x000000008b300000, 0x000000008b400000|  0%| F|  |TAMS 0x000000008b300000, 0x000000008b300000| Untracked 
| 120|0x000000008b400000, 0x000000008b400000, 0x000000008b500000|  0%| F|  |TAMS 0x000000008b400000, 0x000000008b400000| Untracked 
| 121|0x000000008b500000, 0x000000008b500000, 0x000000008b600000|  0%| F|  |TAMS 0x000000008b500000, 0x000000008b500000| Untracked 
| 122|0x000000008b600000, 0x000000008b600000, 0x000000008b700000|  0%| F|  |TAMS 0x000000008b600000, 0x000000008b600000| Untracked 
| 123|0x000000008b700000, 0x000000008b700000, 0x000000008b800000|  0%| F|  |TAMS 0x000000008b700000, 0x000000008b700000| Untracked 
| 124|0x000000008b800000, 0x000000008b800000, 0x000000008b900000|  0%| F|  |TAMS 0x000000008b800000, 0x000000008b800000| Untracked 
| 125|0x000000008b900000, 0x000000008b900000, 0x000000008ba00000|  0%| F|  |TAMS 0x000000008b900000, 0x000000008b900000| Untracked 

Card table byte_map: [0x0000020993f60000,0x0000020994350000] _byte_map_base: 0x0000020993b42000

Marking Bits (Prev, Next): (CMBitMap*) 0x000002098928cca0, (CMBitMap*) 0x000002098928cc60
 Prev Bits: [0x0000020996650000, 0x0000020998560000)
 Next Bits: [0x0000020994740000, 0x0000020996650000)

Polling page: 0x0000020987050000

Metaspace:

Usage:
  Non-class:     51.51 MB used.
      Class:      8.54 MB used.
       Both:     60.05 MB used.

Virtual space:
  Non-class space:       56.00 MB reserved,      51.81 MB ( 93%) committed,  7 nodes.
      Class space:        1.00 GB reserved,       8.81 MB ( <1%) committed,  1 nodes.
             Both:        1.05 GB reserved,      60.62 MB (  6%) committed. 

Chunk freelists:
   Non-Class:  3.95 MB
       Class:  3.17 MB
        Both:  7.12 MB

MaxMetaspaceSize: unlimited
CompressedClassSpaceSize: 1.00 GB
Initial GC threshold: 21.00 MB
Current GC threshold: 100.88 MB
CDS: on
MetaspaceReclaimPolicy: balanced
 - commit_granule_bytes: 65536.
 - commit_granule_words: 8192.
 - virtual_space_node_default_size: 1048576.
 - enlarge_chunks_in_place: 1.
 - new_chunks_are_fully_committed: 0.
 - uncommit_free_chunks: 1.
 - use_allocation_guard: 0.
 - handle_deallocations: 1.


Internal statistics:

num_allocs_failed_limit: 12.
num_arena_births: 764.
num_arena_deaths: 0.
num_vsnodes_births: 8.
num_vsnodes_deaths: 0.
num_space_committed: 970.
num_space_uncommitted: 0.
num_chunks_returned_to_freelist: 12.
num_chunks_taken_from_freelist: 2923.
num_chunk_merges: 12.
num_chunk_splits: 2118.
num_chunks_enlarged: 1629.
num_purges: 0.
num_inconsistent_stats: 0.

CodeCache: size=49152Kb used=11955Kb max_used=11955Kb free=37196Kb
 bounds [0x0000020990a60000, 0x0000020991610000, 0x0000020993a60000]
 total_blobs=6214 nmethods=5546 adapters=591
 compilation: enabled
              stopped_count=0, restarted_count=0
 full_count=0

Compilation events (20 events):
Event: 7.238 Thread 0x0000020986e882f0 5539       1       sun.nio.fs.WindowsPath::createFromNormalizedPath (7 bytes)
Event: 7.238 Thread 0x0000020986e882f0 nmethod 5539 0x000002099160a890 code [0x000002099160aa20, 0x000002099160aae8]
Event: 7.239 Thread 0x0000020986e89c40 5540       1       sun.nio.fs.WindowsPath::toUri (5 bytes)
Event: 7.239 Thread 0x0000020986e8ab70 5541       1       sun.nio.fs.WindowsPath::isUnc (16 bytes)
Event: 7.239 Thread 0x0000020986e89c40 nmethod 5540 0x000002099160ab90 code [0x000002099160ad20, 0x000002099160ae08]
Event: 7.239 Thread 0x0000020986e8ab70 nmethod 5541 0x000002099160ae90 code [0x000002099160b020, 0x000002099160b118]
Event: 7.240 Thread 0x0000020986e89c40 5542       1       java.util.concurrent.locks.AbstractQueuedSynchronizer$Node::<init> (5 bytes)
Event: 7.240 Thread 0x0000020986e89c40 nmethod 5542 0x000002099160b190 code [0x000002099160b320, 0x000002099160b3d8]
Event: 7.244 Thread 0x0000020986e873c0 5543       1       nonapi.io.github.classgraph.fileslice.Slice$1::read (83 bytes)
Event: 7.244 Thread 0x0000020986e882f0 5544       1       nonapi.io.github.classgraph.fileslice.Slice$1::available (24 bytes)
Event: 7.244 Thread 0x0000020986e882f0 nmethod 5544 0x000002099160b490 code [0x000002099160b620, 0x000002099160b738]
Event: 7.244 Thread 0x0000020986e873c0 nmethod 5543 0x000002099160b810 code [0x000002099160b9c0, 0x000002099160bc98]
Event: 7.245 Thread 0x0000020986e873c0 5545       1       nonapi.io.github.classgraph.utils.CollectionUtils::sortCopy (25 bytes)
Event: 7.245 Thread 0x0000020986e873c0 nmethod 5545 0x000002099160be10 code [0x000002099160bfc0, 0x000002099160c118]
Event: 7.245 Thread 0x0000020986e89c40 5546   !   1       sun.nio.fs.WindowsUriSupport::toUri (48 bytes)
Event: 7.245 Thread 0x0000020986e882f0 5547   !   1       sun.nio.fs.WindowsUriSupport::toUri (245 bytes)
Event: 7.245 Thread 0x0000020986e8ab70 5548       1       java.util.concurrent.ThreadPoolExecutor::isRunning (10 bytes)
Event: 7.245 Thread 0x0000020986e8ab70 nmethod 5548 0x000002099160c210 code [0x000002099160c3a0, 0x000002099160c458]
Event: 7.246 Thread 0x0000020986e89c40 nmethod 5546 0x000002099160c510 code [0x000002099160c700, 0x000002099160caa8]
Event: 7.246 Thread 0x0000020986e873c0 5549   !   1       java.util.concurrent.locks.AbstractQueuedSynchronizer::acquire (407 bytes)

GC Heap History (20 events):
Event: 5.407 GC heap after
{Heap after GC invocations=11 (full 0):
 garbage-first heap   total 66560K, used 23476K [0x0000000083c00000, 0x0000000100000000)
  region size 1024K, 4 young (4096K), 4 survivors (4096K)
 Metaspace       used 48884K, committed 49344K, reserved 1097728K
  class space    used 6782K, committed 6976K, reserved 1048576K
}
Event: 6.114 GC heap before
{Heap before GC invocations=11 (full 0):
 garbage-first heap   total 66560K, used 49076K [0x0000000083c00000, 0x0000000100000000)
  region size 1024K, 30 young (30720K), 4 survivors (4096K)
 Metaspace       used 54772K, committed 55360K, reserved 1097728K
  class space    used 7764K, committed 8064K, reserved 1048576K
}
Event: 6.118 GC heap after
{Heap after GC invocations=12 (full 0):
 garbage-first heap   total 66560K, used 24914K [0x0000000083c00000, 0x0000000100000000)
  region size 1024K, 3 young (3072K), 3 survivors (3072K)
 Metaspace       used 54772K, committed 55360K, reserved 1097728K
  class space    used 7764K, committed 8064K, reserved 1048576K
}
Event: 6.504 GC heap before
{Heap before GC invocations=12 (full 0):
 garbage-first heap   total 66560K, used 50514K [0x0000000083c00000, 0x0000000100000000)
  region size 1024K, 28 young (28672K), 3 survivors (3072K)
 Metaspace       used 58273K, committed 58816K, reserved 1105920K
  class space    used 8272K, committed 8512K, reserved 1048576K
}
Event: 6.508 GC heap after
{Heap after GC invocations=13 (full 0):
 garbage-first heap   total 66560K, used 26759K [0x0000000083c00000, 0x0000000100000000)
  region size 1024K, 4 young (4096K), 4 survivors (4096K)
 Metaspace       used 58273K, committed 58816K, reserved 1105920K
  class space    used 8272K, committed 8512K, reserved 1048576K
}
Event: 6.731 GC heap before
{Heap before GC invocations=13 (full 0):
 garbage-first heap   total 66560K, used 42119K [0x0000000083c00000, 0x0000000100000000)
  region size 1024K, 20 young (20480K), 4 survivors (4096K)
 Metaspace       used 59991K, committed 60480K, reserved 1105920K
  class space    used 8515K, committed 8768K, reserved 1048576K
}
Event: 6.735 GC heap after
{Heap after GC invocations=14 (full 0):
 garbage-first heap   total 66560K, used 28114K [0x0000000083c00000, 0x0000000100000000)
  region size 1024K, 4 young (4096K), 4 survivors (4096K)
 Metaspace       used 59991K, committed 60480K, reserved 1105920K
  class space    used 8515K, committed 8768K, reserved 1048576K
}
Event: 6.953 GC heap before
{Heap before GC invocations=15 (full 0):
 garbage-first heap   total 66560K, used 51666K [0x0000000083c00000, 0x0000000100000000)
  region size 1024K, 26 young (26624K), 4 survivors (4096K)
 Metaspace       used 61398K, committed 61952K, reserved 1105920K
  class space    used 8733K, committed 8960K, reserved 1048576K
}
Event: 6.958 GC heap after
{Heap after GC invocations=16 (full 0):
 garbage-first heap   total 66560K, used 32612K [0x0000000083c00000, 0x0000000100000000)
  region size 1024K, 4 young (4096K), 4 survivors (4096K)
 Metaspace       used 61398K, committed 61952K, reserved 1105920K
  class space    used 8733K, committed 8960K, reserved 1048576K
}
Event: 7.021 GC heap before
{Heap before GC invocations=17 (full 0):
 garbage-first heap   total 78848K, used 51044K [0x0000000083c00000, 0x0000000100000000)
  region size 1024K, 22 young (22528K), 4 survivors (4096K)
 Metaspace       used 61411K, committed 62016K, reserved 1105920K
  class space    used 8736K, committed 9024K, reserved 1048576K
}
Event: 7.027 GC heap after
{Heap after GC invocations=18 (full 0):
 garbage-first heap   total 78848K, used 35696K [0x0000000083c00000, 0x0000000100000000)
  region size 1024K, 3 young (3072K), 3 survivors (3072K)
 Metaspace       used 61411K, committed 62016K, reserved 1105920K
  class space    used 8736K, committed 9024K, reserved 1048576K
}
Event: 7.097 GC heap before
{Heap before GC invocations=18 (full 0):
 garbage-first heap   total 78848K, used 59248K [0x0000000083c00000, 0x0000000100000000)
  region size 1024K, 26 young (26624K), 3 survivors (3072K)
 Metaspace       used 61493K, committed 62080K, reserved 1105920K
  class space    used 8747K, committed 9024K, reserved 1048576K
}
Event: 7.103 GC heap after
{Heap after GC invocations=19 (full 0):
 garbage-first heap   total 78848K, used 43348K [0x0000000083c00000, 0x0000000100000000)
  region size 1024K, 4 young (4096K), 4 survivors (4096K)
 Metaspace       used 61493K, committed 62080K, reserved 1105920K
  class space    used 8747K, committed 9024K, reserved 1048576K
}
Event: 7.134 GC heap before
{Heap before GC invocations=19 (full 0):
 garbage-first heap   total 78848K, used 58708K [0x0000000083c00000, 0x0000000100000000)
  region size 1024K, 20 young (20480K), 4 survivors (4096K)
 Metaspace       used 61493K, committed 62080K, reserved 1105920K
  class space    used 8747K, committed 9024K, reserved 1048576K
}
Event: 7.138 GC heap after
{Heap after GC invocations=20 (full 0):
 garbage-first heap   total 78848K, used 47313K [0x0000000083c00000, 0x0000000100000000)
  region size 1024K, 3 young (3072K), 3 survivors (3072K)
 Metaspace       used 61493K, committed 62080K, reserved 1105920K
  class space    used 8747K, committed 9024K, reserved 1048576K
}
Event: 7.204 GC heap before
{Heap before GC invocations=20 (full 0):
 garbage-first heap   total 92160K, used 61649K [0x0000000083c00000, 0x0000000100000000)
  region size 1024K, 16 young (16384K), 3 survivors (3072K)
 Metaspace       used 61493K, committed 62080K, reserved 1105920K
  class space    used 8747K, committed 9024K, reserved 1048576K
}
Event: 7.208 GC heap after
{Heap after GC invocations=21 (full 0):
 garbage-first heap   total 92160K, used 52459K [0x0000000083c00000, 0x0000000100000000)
  region size 1024K, 2 young (2048K), 2 survivors (2048K)
 Metaspace       used 61493K, committed 62080K, reserved 1105920K
  class space    used 8747K, committed 9024K, reserved 1048576K
}
Event: 7.241 GC heap before
{Heap before GC invocations=22 (full 0):
 garbage-first heap   total 92160K, used 68843K [0x0000000083c00000, 0x0000000100000000)
  region size 1024K, 19 young (19456K), 2 survivors (2048K)
 Metaspace       used 61493K, committed 62080K, reserved 1105920K
  class space    used 8747K, committed 9024K, reserved 1048576K
}
Event: 7.243 GC heap after
{Heap after GC invocations=23 (full 0):
 garbage-first heap   total 92160K, used 55322K [0x0000000083c00000, 0x0000000100000000)
  region size 1024K, 3 young (3072K), 3 survivors (3072K)
 Metaspace       used 61493K, committed 62080K, reserved 1105920K
  class space    used 8747K, committed 9024K, reserved 1048576K
}
Event: 7.246 GC heap before
{Heap before GC invocations=23 (full 0):
 garbage-first heap   total 92160K, used 56346K [0x0000000083c00000, 0x0000000100000000)
  region size 1024K, 4 young (4096K), 3 survivors (3072K)
 Metaspace       used 61493K, committed 62080K, reserved 1105920K
  class space    used 8747K, committed 9024K, reserved 1048576K
}

Deoptimization events (14 events):
Event: 1.811 Thread 0x000002099cd2d930 DEOPT PACKING pc=0x0000020990ff7099 sp=0x000000fa590fcac0
Event: 1.811 Thread 0x000002099cd2d930 DEOPT UNPACKING pc=0x0000020990ab2b43 sp=0x000000fa590fbfa0 mode 3
Event: 1.974 Thread 0x000002099cd2d930 DEOPT PACKING pc=0x000002099105a3d5 sp=0x000000fa590fcfa0
Event: 1.974 Thread 0x000002099cd2d930 DEOPT UNPACKING pc=0x0000020990ab2b43 sp=0x000000fa590fc448 mode 3
Event: 3.502 Thread 0x000002099cd2d930 DEOPT PACKING pc=0x0000020991005601 sp=0x000000fa590fdee0
Event: 3.502 Thread 0x000002099cd2d930 DEOPT UNPACKING pc=0x0000020990ab2b43 sp=0x000000fa590fd370 mode 3
Event: 3.502 Thread 0x000002099e327260 DEOPT PACKING pc=0x0000020990f91317 sp=0x000000fa596ff000
Event: 3.502 Thread 0x000002099e327260 DEOPT UNPACKING pc=0x0000020990ab2b43 sp=0x000000fa596fe458 mode 3
Event: 6.278 Thread 0x000002099cd2d930 DEOPT PACKING pc=0x0000020991036a24 sp=0x000000fa590fbd20
Event: 6.278 Thread 0x000002099cd2d930 DEOPT UNPACKING pc=0x0000020990ab2b43 sp=0x000000fa590fb278 mode 0
Event: 6.451 Thread 0x000002099cd2d930 DEOPT PACKING pc=0x0000020991056d22 sp=0x000000fa590fb430
Event: 6.451 Thread 0x000002099cd2d930 DEOPT UNPACKING pc=0x0000020990ab2b43 sp=0x000000fa590fa938 mode 3
Event: 6.915 Thread 0x000002099cd2d930 DEOPT PACKING pc=0x000002099154e6fb sp=0x000000fa590fc730
Event: 6.915 Thread 0x000002099cd2d930 DEOPT UNPACKING pc=0x0000020990ab2b43 sp=0x000000fa590fbc78 mode 3

Classes unloaded (0 events):
No events

Classes redefined (0 events):
No events

Internal exceptions (20 events):
Event: 7.181 Thread 0x00000209a05a6d50 Exception <a 'sun/nio/fs/WindowsException'{0x0000000088571160}> (0x0000000088571160) 
thrown [s\open\src\hotspot\share\prims\jni.cpp, line 516]
Event: 7.182 Thread 0x00000209a05a6d50 Exception <a 'sun/nio/fs/WindowsException'{0x0000000088571560}> (0x0000000088571560) 
thrown [s\open\src\hotspot\share\prims\jni.cpp, line 516]
Event: 7.182 Thread 0x00000209a05a6d50 Exception <a 'sun/nio/fs/WindowsException'{0x0000000088585298}> (0x0000000088585298) 
thrown [s\open\src\hotspot\share\prims\jni.cpp, line 516]
Event: 7.182 Thread 0x00000209a05a6d50 Exception <a 'sun/nio/fs/WindowsException'{0x00000000885856d0}> (0x00000000885856d0) 
thrown [s\open\src\hotspot\share\prims\jni.cpp, line 516]
Event: 7.182 Thread 0x00000209a05a6d50 Exception <a 'sun/nio/fs/WindowsException'{0x0000000088586110}> (0x0000000088586110) 
thrown [s\open\src\hotspot\share\prims\jni.cpp, line 516]
Event: 7.182 Thread 0x00000209a05a6d50 Exception <a 'sun/nio/fs/WindowsException'{0x0000000088586518}> (0x0000000088586518) 
thrown [s\open\src\hotspot\share\prims\jni.cpp, line 516]
Event: 7.182 Thread 0x00000209a05a6d50 Exception <a 'sun/nio/fs/WindowsException'{0x0000000088586f30}> (0x0000000088586f30) 
thrown [s\open\src\hotspot\share\prims\jni.cpp, line 516]
Event: 7.182 Thread 0x00000209a05a6d50 Exception <a 'sun/nio/fs/WindowsException'{0x0000000088587300}> (0x0000000088587300) 
thrown [s\open\src\hotspot\share\prims\jni.cpp, line 516]
Event: 7.182 Thread 0x00000209a05a6d50 Exception <a 'sun/nio/fs/WindowsException'{0x0000000088587d28}> (0x0000000088587d28) 
thrown [s\open\src\hotspot\share\prims\jni.cpp, line 516]
Event: 7.182 Thread 0x00000209a05a6d50 Exception <a 'sun/nio/fs/WindowsException'{0x0000000088588110}> (0x0000000088588110) 
thrown [s\open\src\hotspot\share\prims\jni.cpp, line 516]
Event: 7.183 Thread 0x00000209a05a6d50 Exception <a 'sun/nio/fs/WindowsException'{0x0000000088588b28}> (0x0000000088588b28) 
thrown [s\open\src\hotspot\share\prims\jni.cpp, line 516]
Event: 7.183 Thread 0x00000209a05a6d50 Exception <a 'sun/nio/fs/WindowsException'{0x0000000088588f00}> (0x0000000088588f00) 
thrown [s\open\src\hotspot\share\prims\jni.cpp, line 516]
Event: 7.183 Thread 0x00000209a05a6d50 Exception <a 'sun/nio/fs/WindowsException'{0x0000000088597e90}> (0x0000000088597e90) 
thrown [s\open\src\hotspot\share\prims\jni.cpp, line 516]
Event: 7.183 Thread 0x00000209a05a6d50 Exception <a 'sun/nio/fs/WindowsException'{0x0000000088598278}> (0x0000000088598278) 
thrown [s\open\src\hotspot\share\prims\jni.cpp, line 516]
Event: 7.183 Thread 0x00000209a05a6d50 Exception <a 'sun/nio/fs/WindowsException'{0x0000000088598cb8}> (0x0000000088598cb8) 
thrown [s\open\src\hotspot\share\prims\jni.cpp, line 516]
Event: 7.183 Thread 0x00000209a05a6d50 Exception <a 'sun/nio/fs/WindowsException'{0x00000000885990c0}> (0x00000000885990c0) 
thrown [s\open\src\hotspot\share\prims\jni.cpp, line 516]
Event: 7.183 Thread 0x00000209a05a6d50 Exception <a 'sun/nio/fs/WindowsException'{0x0000000088599b18}> (0x0000000088599b18) 
thrown [s\open\src\hotspot\share\prims\jni.cpp, line 516]
Event: 7.183 Thread 0x00000209a05a6d50 Exception <a 'sun/nio/fs/WindowsException'{0x0000000088599f38}> (0x0000000088599f38) 
thrown [s\open\src\hotspot\share\prims\jni.cpp, line 516]
Event: 7.183 Thread 0x00000209a05a6d50 Exception <a 'sun/nio/fs/WindowsException'{0x000000008859a988}> (0x000000008859a988) 
thrown [s\open\src\hotspot\share\prims\jni.cpp, line 516]
Event: 7.183 Thread 0x00000209a05a6d50 Exception <a 'sun/nio/fs/WindowsException'{0x000000008859ada0}> (0x000000008859ada0) 
thrown [s\open\src\hotspot\share\prims\jni.cpp, line 516]

VM Operations (20 events):
Event: 7.002 Executing VM operation: G1Concurrent done
Event: 7.018 Executing VM operation: G1Concurrent
Event: 7.019 Executing VM operation: G1Concurrent done
Event: 7.021 Executing VM operation: G1CollectForAllocation
Event: 7.028 Executing VM operation: G1CollectForAllocation done
Event: 7.047 Executing VM operation: HandshakeAllThreads
Event: 7.047 Executing VM operation: HandshakeAllThreads done
Event: 7.097 Executing VM operation: G1CollectForAllocation
Event: 7.105 Executing VM operation: G1CollectForAllocation done
Event: 7.134 Executing VM operation: G1CollectForAllocation
Event: 7.139 Executing VM operation: G1CollectForAllocation done
Event: 7.188 Executing VM operation: G1Concurrent
Event: 7.192 Executing VM operation: G1Concurrent done
Event: 7.203 Executing VM operation: G1CollectForAllocation
Event: 7.208 Executing VM operation: G1CollectForAllocation done
Event: 7.223 Executing VM operation: G1Concurrent
Event: 7.223 Executing VM operation: G1Concurrent done
Event: 7.240 Executing VM operation: G1CollectForAllocation
Event: 7.244 Executing VM operation: G1CollectForAllocation done
Event: 7.246 Executing VM operation: G1CollectForAllocation

Events (20 events):
Event: 7.159 Thread 0x00000209a05aa710 Thread exited: 0x00000209a05aa710
Event: 7.159 Thread 0x00000209a05a5070 Thread exited: 0x00000209a05a5070
Event: 7.159 Thread 0x00000209a05a5ee0 Thread exited: 0x00000209a05a5ee0
Event: 7.160 Thread 0x00000209a05aabe0 Thread exited: 0x00000209a05aabe0
Event: 7.166 Thread 0x00000209a05a8a30 Thread added: 0x00000209a05a8a30
Event: 7.171 Thread 0x00000209a05a8a30 Thread exited: 0x00000209a05a8a30
Event: 7.179 Thread 0x00000209a05a5ee0 Thread added: 0x00000209a05a5ee0
Event: 7.179 Thread 0x00000209a05a6d50 Thread added: 0x00000209a05a6d50
Event: 7.179 Thread 0x00000209a05ac3f0 Thread added: 0x00000209a05ac3f0
Event: 7.180 Thread 0x00000209a05a8a30 Thread added: 0x00000209a05a8a30
Event: 7.180 Thread 0x00000209a05a6880 Thread added: 0x00000209a05a6880
Event: 7.180 Thread 0x00000209a05a63b0 Thread added: 0x00000209a05a63b0
Event: 7.180 Thread 0x00000209a05a5070 Thread added: 0x00000209a05a5070
Event: 7.180 Thread 0x00000209a05a76f0 Thread added: 0x00000209a05a76f0
Event: 7.180 Thread 0x00000209a05a93d0 Thread added: 0x00000209a05a93d0
Event: 7.180 Thread 0x00000209a05a7220 Thread added: 0x00000209a05a7220
Event: 7.180 Thread 0x00000209a05a7bc0 Thread added: 0x00000209a05a7bc0
Event: 7.180 Thread 0x00000209a05a8560 Thread added: 0x00000209a05a8560
Event: 7.180 Thread 0x00000209a05a8090 Thread added: 0x00000209a05a8090
Event: 7.180 Thread 0x00000209a05a98a0 Thread added: 0x00000209a05a98a0


Dynamic libraries:
0x00007ff7818e0000 - 0x00007ff7818f0000 	C:\Program Files\Java\jdk-17.0.4.1\bin\java.exe
0x00007ff8c8310000 - 0x00007ff8c8508000 	C:\WINDOWS\SYSTEM32\ntdll.dll
0x00007ff8c7260000 - 0x00007ff8c731d000 	C:\WINDOWS\System32\KERNEL32.DLL
0x00007ff8c5fe0000 - 0x00007ff8c62d6000 	C:\WINDOWS\System32\KERNELBASE.dll
0x00007ff8c5df0000 - 0x00007ff8c5ef0000 	C:\WINDOWS\System32\ucrtbase.dll
0x00007ff89b380000 - 0x00007ff89b398000 	C:\Program Files\Java\jdk-17.0.4.1\bin\jli.dll
0x00007ff8c7400000 - 0x00007ff8c74ae000 	C:\WINDOWS\System32\ADVAPI32.dll
0x00007ff8c74b0000 - 0x00007ff8c754e000 	C:\WINDOWS\System32\msvcrt.dll
0x00007ff8c7f30000 - 0x00007ff8c7fcc000 	C:\WINDOWS\System32\sechost.dll
0x00007ff8c6ac0000 - 0x00007ff8c6be6000 	C:\WINDOWS\System32\RPCRT4.dll
0x00007ff8c6f60000 - 0x00007ff8c70fe000 	C:\WINDOWS\System32\USER32.dll
0x00007ff8c5fb0000 - 0x00007ff8c5fd2000 	C:\WINDOWS\System32\win32u.dll
0x00007ff8c73d0000 - 0x00007ff8c73fc000 	C:\WINDOWS\System32\GDI32.dll
0x00007ff8c5cd0000 - 0x00007ff8c5dea000 	C:\WINDOWS\System32\gdi32full.dll
0x00007ff8c5c30000 - 0x00007ff8c5ccd000 	C:\WINDOWS\System32\msvcp_win.dll
0x00007ff89b360000 - 0x00007ff89b37a000 	C:\Program Files\Java\jdk-17.0.4.1\bin\VCRUNTIME140.dll
0x00007ff8ab2c0000 - 0x00007ff8ab55a000 	C:\WINDOWS\WinSxS\amd64_microsoft.windows.common-controls_6595b64144ccf1df_6.0.19041.1110_none_60b5254171f9507e\COMCTL32.dll
0x00007ff8b7a50000 - 0x00007ff8b7a5a000 	C:\WINDOWS\SYSTEM32\VERSION.dll
0x00007ff8c7100000 - 0x00007ff8c7130000 	C:\WINDOWS\System32\IMM32.DLL
0x00007ff89d030000 - 0x00007ff89d193000 	C:\Program Files (x86)\Citrix\ICA Client\epclient64.dll
0x00007ff8c5c00000 - 0x00007ff8c5c27000 	C:\WINDOWS\System32\bcrypt.dll
0x00007ff8c7550000 - 0x00007ff8c78a4000 	C:\WINDOWS\System32\combase.dll
0x00007ff8c4b20000 - 0x00007ff8c4b53000 	C:\WINDOWS\SYSTEM32\ntmarta.dll
0x0000020988930000 - 0x00000209889b2000 	C:\WINDOWS\System32\bcryptprimitives.dll
0x00007ff8c41d0000 - 0x00007ff8c41e2000 	C:\WINDOWS\SYSTEM32\kernel.appcore.dll
0x00007ff8b0a40000 - 0x00007ff8b0a4c000 	C:\Program Files\Java\jdk-17.0.4.1\bin\vcruntime140_1.dll
0x00007ff8b0580000 - 0x00007ff8b060d000 	C:\Program Files\Java\jdk-17.0.4.1\bin\msvcp140.dll
0x00007ff898940000 - 0x00007ff899502000 	C:\Program Files\Java\jdk-17.0.4.1\bin\server\jvm.dll
0x0000020987040000 - 0x0000020987048000 	C:\WINDOWS\System32\PSAPI.DLL
0x00007ff8aa560000 - 0x00007ff8aa569000 	C:\WINDOWS\SYSTEM32\WSOCK32.dll
0x00007ff8c8160000 - 0x00007ff8c81cb000 	C:\WINDOWS\System32\WS2_32.dll
0x00007ff8bb6e0000 - 0x00007ff8bb707000 	C:\WINDOWS\SYSTEM32\WINMM.dll
0x00007ff8af7d0000 - 0x00007ff8af7da000 	C:\Program Files\Java\jdk-17.0.4.1\bin\jimage.dll
0x00007ff8c3f00000 - 0x00007ff8c40e4000 	C:\WINDOWS\SYSTEM32\DBGHELP.DLL
0x00007ff8ab960000 - 0x00007ff8ab994000 	C:\WINDOWS\SYSTEM32\dbgcore.DLL
0x00007ff8bdb60000 - 0x00007ff8bdb6e000 	C:\Program Files\Java\jdk-17.0.4.1\bin\instrument.dll
0x00007ff89e810000 - 0x00007ff89e835000 	C:\Program Files\Java\jdk-17.0.4.1\bin\java.dll
0x00007ff898150000 - 0x00007ff898226000 	C:\Program Files\Java\jdk-17.0.4.1\bin\jsvml.dll
0x000002099bc00000 - 0x000002099c345000 	C:\WINDOWS\System32\SHELL32.dll
0x00007ff8c3690000 - 0x00007ff8c3e2b000 	C:\WINDOWS\SYSTEM32\windows.storage.dll
0x00007ff8c53c0000 - 0x00007ff8c53ee000 	C:\WINDOWS\SYSTEM32\Wldp.dll
0x00007ff8c6c70000 - 0x00007ff8c6d1d000 	C:\WINDOWS\System32\SHCORE.dll
0x000002099b080000 - 0x000002099b0d5000 	C:\WINDOWS\System32\shlwapi.dll
0x00007ff8c5920000 - 0x00007ff8c5945000 	C:\WINDOWS\SYSTEM32\profapi.dll
0x00007ff896750000 - 0x00007ff896768000 	C:\Program Files\Java\jdk-17.0.4.1\bin\zip.dll
0x00007ff896be0000 - 0x00007ff896bf9000 	C:\Program Files\Java\jdk-17.0.4.1\bin\net.dll
0x00007ff8bbec0000 - 0x00007ff8bbfca000 	C:\WINDOWS\SYSTEM32\WINHTTP.dll
0x00007ff8c5120000 - 0x00007ff8c518a000 	C:\WINDOWS\system32\mswsock.dll
0x00007ff896bc0000 - 0x00007ff896bd6000 	C:\Program Files\Java\jdk-17.0.4.1\bin\nio.dll
0x00007ff8bdb40000 - 0x00007ff8bdb5a000 	C:\Program Files\JetBrains\IntelliJ IDEA 2023.2.2\bin\breakgen64.dll
0x00007ff8c4e50000 - 0x00007ff8c4f1a000 	C:\WINDOWS\SYSTEM32\DNSAPI.dll
0x00007ff8c4e10000 - 0x00007ff8c4e4b000 	C:\WINDOWS\SYSTEM32\IPHLPAPI.DLL
0x00007ff8c6bf0000 - 0x00007ff8c6bf8000 	C:\WINDOWS\System32\NSI.dll
0x00007ff8b2f60000 - 0x00007ff8b2f6a000 	C:\Windows\System32\rasadhlp.dll
0x00007ff8b2b20000 - 0x00007ff8b2ba2000 	C:\WINDOWS\System32\fwpuclnt.dll
0x00007ff88dc30000 - 0x00007ff88dc39000 	C:\Program Files\Java\jdk-17.0.4.1\bin\management.dll
0x00007ff88dc20000 - 0x00007ff88dc2b000 	C:\Program Files\Java\jdk-17.0.4.1\bin\management_ext.dll
0x00007ff8c5310000 - 0x00007ff8c5328000 	C:\WINDOWS\SYSTEM32\CRYPTSP.dll
0x00007ff8c4a00000 - 0x00007ff8c4a34000 	C:\WINDOWS\system32\rsaenh.dll
0x00007ff8c58a0000 - 0x00007ff8c58ce000 	C:\WINDOWS\SYSTEM32\USERENV.dll
0x00007ff8c5330000 - 0x00007ff8c533c000 	C:\WINDOWS\SYSTEM32\CRYPTBASE.dll
0x00007ff8b3030000 - 0x00007ff8b3047000 	C:\WINDOWS\SYSTEM32\dhcpcsvc6.DLL
0x00007ff8b3990000 - 0x00007ff8b39ad000 	C:\WINDOWS\SYSTEM32\dhcpcsvc.DLL
0x00007ff8a7920000 - 0x00007ff8a7937000 	C:\WINDOWS\system32\napinsp.dll
0x00007ff8a7900000 - 0x00007ff8a791b000 	C:\WINDOWS\system32\pnrpnsp.dll
0x00007ff8bbe20000 - 0x00007ff8bbe35000 	C:\WINDOWS\system32\wshbth.dll
0x00007ff8bdaa0000 - 0x00007ff8bdabd000 	C:\WINDOWS\system32\NLAapi.dll
0x00007ff8a78e0000 - 0x00007ff8a78f2000 	C:\WINDOWS\System32\winrnr.dll
0x00007ff893570000 - 0x00007ff89357e000 	C:\Program Files\Java\jdk-17.0.4.1\bin\sunmscapi.dll
0x00007ff8c59f0000 - 0x00007ff8c5b4e000 	C:\WINDOWS\System32\CRYPT32.dll
0x00007ff8c5450000 - 0x00007ff8c5478000 	C:\WINDOWS\SYSTEM32\ncrypt.dll
0x00007ff8c5410000 - 0x00007ff8c544b000 	C:\WINDOWS\SYSTEM32\NTASN1.dll
0x00007ff893580000 - 0x00007ff893590000 	C:\Program Files\Java\jdk-17.0.4.1\bin\verify.dll

dbghelp: loaded successfully - version: 4.0.5 - missing functions: none
symbol engine: initialized successfully - sym options: 0x614 - pdb path: .;C:\Program Files\Java\jdk-17.0.4.1\bin;C:\WINDOWS\SYSTEM32;C:\WINDOWS\WinSxS\amd64_microsoft.windows.common-controls_6595b64144ccf1df_6.0.19041.1110_none_60b5254171f9507e;C:\Program Files (x86)\Citrix\ICA Client;C:\Program Files\Java\jdk-17.0.4.1\bin\server;C:\Program Files\JetBrains\IntelliJ IDEA 2023.2.2\bin

VM Arguments:
jvm_args: -XX:TieredStopAtLevel=1 -Dspring.output.ansi.enabled=always -Dcom.sun.management.jmxremote -Dspring.jmx.enabled=true -Dspring.liveBeansView.mbeanDomain -Dspring.application.admin.enabled=true -Dmanagement.endpoints.jmx.exposure.include=* -javaagent:C:\Program Files\JetBrains\IntelliJ IDEA 2023.2.2\lib\idea_rt.jar=57565:C:\Program Files\JetBrains\IntelliJ IDEA 2023.2.2\bin -Dfile.encoding=UTF-8 
java_command: com.example.AuthenticationServiceApplication
java_class_path (initial): C:\Users\sivasai\Desktop\resolving_conflicts\boiler-plate-code\backend\AuthenticationService\target\classes;C:\Users\sivasai\.m2\repository\org\springframework\boot\spring-boot-starter-data-jpa\3.1.4\spring-boot-starter-data-jpa-3.1.4.jar;C:\Users\sivasai\.m2\repository\org\springframework\boot\spring-boot-starter-aop\3.1.4\spring-boot-starter-aop-3.1.4.jar;C:\Users\sivasai\.m2\repository\org\springframework\spring-aop\6.0.12\spring-aop-6.0.12.jar;C:\Users\sivasai\.m2\repository\org\aspectj\aspectjweaver\1.9.20\aspectjweaver-1.9.20.jar;C:\Users\sivasai\.m2\repository\org\springframework\boot\spring-boot-starter-jdbc\3.1.4\spring-boot-starter-jdbc-3.1.4.jar;C:\Users\sivasai\.m2\repository\com\zaxxer\HikariCP\5.0.1\HikariCP-5.0.1.jar;C:\Users\sivasai\.m2\repository\org\springframework\spring-jdbc\6.0.12\spring-jdbc-6.0.12.jar;C:\Users\sivasai\.m2\repository\org\hibernate\orm\hibernate-core\6.2.9.Final\hibernate-core-6.2.9.Final.jar;C:\Users\sivasai\.m2\repository\jakarta\persistence\jakarta.persistence-api\3.1.0\jakarta.persistence-api-3.1.0.jar;C:\Users\sivasai\.m2\repository\jakarta\transaction\jakarta.transaction-api\2.0.1\jakarta.transaction-api-2.0.1.jar;C:\Users\sivasai\.m2\repository\org\jboss\logging\jboss-logging\3.5.3.Final\jboss-logging-3.5.3.Final.jar;C:\Users\sivasai\.m2\repository\org\hibernate\common\hibernate-commons-annotations\6.0.6.Final\hibernate-commons-annotations-6.0.6.Final.jar;C:\Users\sivasai\.m2\repository\io\smallrye\jandex\3.0.5\jandex-3.0.5.jar;C:\Users\sivasai\.m2\repository\com\fasterxml\classmate\1.5.1\classmate-1.5.1.jar;C:\Users\sivasai\.m2\repository\net\bytebuddy\byte-buddy\1.14.8\byte-buddy-1.14.8.jar;C:\Users\sivasai\.m2\repository\org\glassfish\jaxb\jaxb-runtime\4.0.3\jaxb-runtime-4.0.3.jar;C:\Users\sivasai\.m2\repository\org\glassfish\jaxb\jaxb-core\4.0.3\jaxb-core-4.0.3.jar;C:\Users\sivasai\.m2\repository\org\glassfish\jaxb\txw2\4.0.3\txw2-4.0.3.jar;C:\Users\sivasai\.m2\repository\com\sun\istack\is
Launcher Type: SUN_STANDARD

[Global flags]
     intx CICompilerCount                          = 4                                         {product} {ergonomic}
     uint ConcGCThreads                            = 2                                         {product} {ergonomic}
     uint G1ConcRefinementThreads                  = 8                                         {product} {ergonomic}
   size_t G1HeapRegionSize                         = 1048576                                   {product} {ergonomic}
    uintx GCDrainStackTargetSize                   = 64                                        {product} {ergonomic}
   size_t InitialHeapSize                          = 132120576                                 {product} {ergonomic}
     bool ManagementServer                         = true                                      {product} {command line}
   size_t MarkStackSize                            = 4194304                                   {product} {ergonomic}
   size_t MaxHeapSize                              = 2084569088                                {product} {ergonomic}
   size_t MaxNewSize                               = 1249902592                                {product} {ergonomic}
   size_t MinHeapDeltaBytes                        = 1048576                                   {product} {ergonomic}
   size_t MinHeapSize                              = 8388608                                   {product} {ergonomic}
    uintx NonProfiledCodeHeapSize                  = 0                                      {pd product} {ergonomic}
     bool ProfileInterpreter                       = false                                  {pd product} {command line}
    uintx ProfiledCodeHeapSize                     = 0                                      {pd product} {ergonomic}
   size_t SoftMaxHeapSize                          = 2084569088                             {manageable} {ergonomic}
     intx TieredStopAtLevel                        = 1                                         {product} {command line}
     bool UseCompressedClassPointers               = true                           {product lp64_product} {ergonomic}
     bool UseCompressedOops                        = true                           {product lp64_product} {ergonomic}
     bool UseG1GC                                  = true                                      {product} {ergonomic}
     bool UseLargePagesIndividualAllocation        = false                                  {pd product} {ergonomic}

Logging:
Log output configuration:
 #0: stdout all=warning uptime,level,tags
 #1: stderr all=off uptime,level,tags

Environment Variables:
PATH=C:\Users\sivasai\AppData\Local\Programs\Python\Python310\Scripts\;C:\Users\sivasai\AppData\Local\Programs\Python\Python310\;C:\Python311\Scripts\;C:\Python311\;C:\Program Files\Common Files\Oracle\Java\javapath;C:\Program Files\AdoptOpenJDK\jre-11.0.7.10-hotspot\bin;C:\Python310\Scripts\;C:\Python310\;C:\oraclexe\app\oracle\product\11.2.0\server\bin;C:\app\sivasai\product\11.2.0\dbhome_2\bin;C:\Program Files\Java\jdk1.8.0_261\bin;C:\Program Files (x86)\Common Files\Oracle\Java\javapath;C:\WINDOWS\system32;C:\WINDOWS;C:\WINDOWS\System32\Wbem;C:\WINDOWS\System32\WindowsPowerShell\v1.0\;C:\WINDOWS\System32\OpenSSH\;C:\Program Files (x86)\Intel\Intel(R) Management Engine Components\DAL;C:\Program Files\Intel\Intel(R) Management Engine Components\DAL;C:\Program Files\Intel\WiFi\bin\;C:\Program Files\Common Files\Intel\WirelessCommon\;C:\Program Files\Git\cmd;C:\Program Files (x86)\Microsoft SQL Server\150\Tools\Binn\;C:\Program Files\Microsoft SQL Server\150\DTS\Binn\;C:\Program Files\Azure Data Studio\bin;C:\ProgramData\chocolatey\bin;C:\Program Files\MongoDB\Server\5.0\bin;C:\apache-cassandra-4.0.3\bin;C:\Python310\Lib\site-packages;C:\Users\sivasai\AppData\Roaming\Python\Python310\Scripts;C:\Program Files\Kubernetes\Minikube;C:\minikube;C:\Program Files\Go\bin;C:\hadoop\bin;C:\hadoop\sbin;C:\spark\bin;C:\spark\sbin;C:\Users\sivasai\AppData\Local\Pub\Cache\bin;C:\Users\sivasai\AppData\Roaming\nvm;C:\Program Files\nodejs;C:\Users\sivasai\AppData\Roaming\Python\Python311\Scripts;c:\python311\lib\site-packages;C:\Program Files\Docker\Docker\resources\bin;C:\Program Files (x86)\Gpg4win\..\GnuPG\bin;C:\Users\sivasai\AppData\Roaming\Python\Python311\site-packages\pyspark\bin;C:\Program Files\mongosh-1.10.4-win32-x64\bin;C:\Program Files\MongoDB\Server\5.0\bin;C:\Program Files\nodejs;C:\Program Files\MySQL\MySQL Server 8.0\bin;C:\Program Files\Maven\apache-maven-3.9.4\bin;C:\Users\sivasai\AppData\Local\ActiveState\StateTool\release\bin;C:\Program Files\MySQL\MySQL Shell 8.0
USERNAME=sivasai
OS=Windows_NT
PROCESSOR_IDENTIFIER=Intel64 Family 6 Model 142 Stepping 11, GenuineIntel



---------------  S Y S T E M  ---------------

OS:
 Windows 10 , 64 bit Build 19041 (10.0.19041.3393)
OS uptime: 0 days 17:44 hours
Hyper-V role detected

CPU: total 8 (initial active 8) (4 cores per cpu, 2 threads per core) family 6 model 142 stepping 11 microcode 0xca, cx8, cmov, fxsr, ht, mmx, 3dnowpref, sse, sse2, sse3, ssse3, sse4.1, sse4.2, popcnt, lzcnt, tsc, tscinvbit, avx, avx2, aes, erms, clmul, bmi1, bmi2, adx, fma, vzeroupper, clflush, clflushopt, hv

Memory: 4k page, system-wide physical 7948M (301M free)
TotalPageFile size 18948M (AvailPageFile size 109M)
current process WorkingSet (physical memory assigned to process): 239M, peak: 239M
current process commit charge ("private bytes"): 320M, peak: 438M

vm_info: Java HotSpot(TM) 64-Bit Server VM (17.0.4.1+1-LTS-2) for windows-amd64 JRE (17.0.4.1+1-LTS-2), built on Aug 16 2022 18:32:06 by "mach5one" with MS VC++ 16.8 / 16.9 (VS2019)

END.
